#
# There is insufficient memory for the Java Runtime Environment to continue.
# Native memory allocation (mmap) failed to map 20971520 bytes for G1 virtual space
# Possible reasons:
#   The system is out of physical RAM or swap space
#   The process is running with CompressedOops enabled, and the Java Heap may be blocking the growth of the native heap
# Possible solutions:
#   Reduce memory load on the system
#   Increase physical memory or swap space
#   Check if swap backing store is full
#   Decrease Java heap size (-Xmx/-Xms)
#   Decrease number of Java threads
#   Decrease Java thread stack sizes (-Xss)
#   Set larger code cache with -XX:ReservedCodeCacheSize=
#   JVM is running with Zero Based Compressed Oops mode in which the Java heap is
#     placed in the first 32GB address space. The Java Heap base address is the
#     maximum limit for the native heap growth. Please use -XX:HeapBaseMinAddress
#     to set the Java Heap base and to place the Java Heap above 32GB virtual address.
# This output file may be truncated or incomplete.
#
#  Out of Memory Error (os_windows.cpp:3528), pid=8024, tid=11224
#
# JRE version: Java(TM) SE Runtime Environment (20.0.2+9) (build 20.0.2+9-78)
# Java VM: Java HotSpot(TM) 64-Bit Server VM (20.0.2+9-78, mixed mode, emulated-client, sharing, tiered, compressed oops, compressed class ptrs, g1 gc, windows-amd64)
# No core dump will be written. Minidumps are not enabled by default on client versions of Windows
#

---------------  S U M M A R Y ------------

Command Line: -XX:TieredStopAtLevel=1 com.neuroguard.gateway.GatewayApplication

Host: 11th Gen Intel(R) Core(TM) i5-11320H @ 3.20GHz, 8 cores, 15G,  Windows 11 , 64 bit Build 26100 (10.0.26100.8246)
Time: Thu Apr 16 20:28:16 2026 Paris, Madrid elapsed time: 20.018006 seconds (0d 0h 0m 20s)

---------------  T H R E A D  ---------------

Current thread (0x000001fca9fe0d10):  VMThread "VM Thread" [stack: 0x0000002cd2f00000,0x0000002cd3000000] [id=11224]

Stack: [0x0000002cd2f00000,0x0000002cd3000000]
Native frames: (J=compiled Java code, j=interpreted, Vv=VM code, C=native code)
V  [jvm.dll+0x6bc25a]
V  [jvm.dll+0x84971a]
V  [jvm.dll+0x84b315]
V  [jvm.dll+0x84ba13]
V  [jvm.dll+0x280e4f]
V  [jvm.dll+0x6b8fe9]
V  [jvm.dll+0x6adbca]
V  [jvm.dll+0x35b165]
V  [jvm.dll+0x363386]
V  [jvm.dll+0x3b400e]
V  [jvm.dll+0x3b4295]
V  [jvm.dll+0x32b86a]
V  [jvm.dll+0x32b917]
V  [jvm.dll+0x373cc2]
V  [jvm.dll+0x3724c0]
V  [jvm.dll+0x32afb1]
V  [jvm.dll+0x371ba6]
V  [jvm.dll+0x85135e]
V  [jvm.dll+0x852471]
V  [jvm.dll+0x852979]
V  [jvm.dll+0x852bf3]
V  [jvm.dll+0x7f5c76]
V  [jvm.dll+0x6baecb]
C  [ucrtbase.dll+0x37b0]
C  [KERNEL32.DLL+0x2e8d7]
C  [ntdll.dll+0x8c3fc]

VM_Operation (0x0000002cd29fca60): G1CollectForAllocation, mode: safepoint, requested by thread 0x000001fc97285dd0


---------------  P R O C E S S  ---------------

Threads class SMR info:
_java_thread_list=0x000001fcf0beb6c0, length=14, elements={
0x000001fc97285dd0, 0x000001fca9ffe4d0, 0x000001fcef805c10, 0x000001fcef80c220,
0x000001fcef80cc10, 0x000001fcef80e700, 0x000001fcef817b00, 0x000001fcef821730,
0x000001fcef945130, 0x000001fcef946bc0, 0x000001fcef947110, 0x000001fcef945680,
0x000001fcef946120, 0x000001fcef9234e0
}

Java Threads: ( => current thread )
  0x000001fc97285dd0 JavaThread "main" [_thread_blocked, id=2004, stack(0x0000002cd2900000,0x0000002cd2a00000)]
  0x000001fca9ffe4d0 JavaThread "Reference Handler" daemon [_thread_blocked, id=3692, stack(0x0000002cd3000000,0x0000002cd3100000)]
  0x000001fcef805c10 JavaThread "Finalizer" daemon [_thread_blocked, id=5388, stack(0x0000002cd3100000,0x0000002cd3200000)]
  0x000001fcef80c220 JavaThread "Signal Dispatcher" daemon [_thread_blocked, id=1480, stack(0x0000002cd3200000,0x0000002cd3300000)]
  0x000001fcef80cc10 JavaThread "Attach Listener" daemon [_thread_blocked, id=1640, stack(0x0000002cd3300000,0x0000002cd3400000)]
  0x000001fcef80e700 JavaThread "Service Thread" daemon [_thread_blocked, id=21328, stack(0x0000002cd3400000,0x0000002cd3500000)]
  0x000001fcef817b00 JavaThread "Monitor Deflation Thread" daemon [_thread_blocked, id=7416, stack(0x0000002cd3500000,0x0000002cd3600000)]
  0x000001fcef821730 JavaThread "C1 CompilerThread0" daemon [_thread_blocked, id=22428, stack(0x0000002cd3600000,0x0000002cd3700000)]
  0x000001fcef945130 JavaThread "Notification Thread" daemon [_thread_blocked, id=19496, stack(0x0000002cd3800000,0x0000002cd3900000)]
  0x000001fcef946bc0 JavaThread "Common-Cleaner" daemon [_thread_blocked, id=22180, stack(0x0000002cd3a00000,0x0000002cd3b00000)]
  0x000001fcef947110 JavaThread "Keep-Alive-Timer" daemon [_thread_blocked, id=8752, stack(0x0000002cd4400000,0x0000002cd4500000)]
  0x000001fcef945680 JavaThread "boundedElastic-evictor-1" daemon [_thread_blocked, id=20232, stack(0x0000002cd3c00000,0x0000002cd3d00000)]
  0x000001fcef946120 JavaThread "spring.cloud.inetutils" daemon [_thread_blocked, id=11360, stack(0x0000002cd4800000,0x0000002cd4900000)]
  0x000001fcef9234e0 JavaThread "C1 CompilerThread1" daemon [_thread_blocked, id=2128, stack(0x0000002cd3700000,0x0000002cd3800000)]

Other Threads:
=>0x000001fca9fe0d10 VMThread "VM Thread" [stack: 0x0000002cd2f00000,0x0000002cd3000000] [id=11224]
  0x000001fcef954940 WatcherThread "VM Periodic Task Thread" [stack: 0x0000002cd3900000,0x0000002cd3a00000] [id=22380]
  0x000001fc97300bd0 WorkerThread "GC Thread#0" [stack: 0x0000002cd2a00000,0x0000002cd2b00000] [id=16712]
  0x000001fceff800f0 WorkerThread "GC Thread#1" [stack: 0x0000002cd3d00000,0x0000002cd3e00000] [id=4728]
  0x000001fceff803c0 WorkerThread "GC Thread#2" [stack: 0x0000002cd3e00000,0x0000002cd3f00000] [id=11940]
  0x000001fcf00ad5f0 WorkerThread "GC Thread#3" [stack: 0x0000002cd3f00000,0x0000002cd4000000] [id=820]
  0x000001fcf00ad8c0 WorkerThread "GC Thread#4" [stack: 0x0000002cd4000000,0x0000002cd4100000] [id=12916]
  0x000001fcf00adb90 WorkerThread "GC Thread#5" [stack: 0x0000002cd4100000,0x0000002cd4200000] [id=5968]
  0x000001fcf03d8df0 WorkerThread "GC Thread#6" [stack: 0x0000002cd4200000,0x0000002cd4300000] [id=6368]
  0x000001fcf03d9ed0 WorkerThread "GC Thread#7" [stack: 0x0000002cd4500000,0x0000002cd4600000] [id=15608]
  0x000001fc97311770 ConcurrentGCThread "G1 Main Marker" [stack: 0x0000002cd2b00000,0x0000002cd2c00000] [id=19480]
  0x000001fc973137b0 WorkerThread "G1 Conc#0" [stack: 0x0000002cd2c00000,0x0000002cd2d00000] [id=22824]
  0x000001fcf03d9930 WorkerThread "G1 Conc#1" [stack: 0x0000002cd4700000,0x0000002cd4800000] [id=21916]
  0x000001fc9732ea90 ConcurrentGCThread "G1 Refine#0" [stack: 0x0000002cd2d00000,0x0000002cd2e00000] [id=18816]
  0x000001fca9ea21a0 ConcurrentGCThread "G1 Service" [stack: 0x0000002cd2e00000,0x0000002cd2f00000] [id=19660]

Threads with active compile tasks:

VM state: at safepoint (normal execution)

VM Mutex/Monitor currently owned by a thread:  ([mutex/lock_event])
[0x000001fc97284770] Threads_lock - owner thread: 0x000001fca9fe0d10
[0x000001fc972840b0] Heap_lock - owner thread: 0x000001fc97285dd0

Heap address: 0x0000000703600000, size: 4042 MB, Compressed Oops mode: Zero based, Oop shift amount: 3

CDS archive(s) mapped at: [0x000001fcaa800000-0x000001fcab460000-0x000001fcab460000), size 12976128, SharedBaseAddress: 0x000001fcaa800000, ArchiveRelocationMode: 1.
Compressed class space mapped at: 0x000001fcab800000-0x000001fceb800000, reserved size: 1073741824
Narrow klass base: 0x000001fcaa800000, Narrow klass shift: 0, Narrow klass range: 0x100000000

GC Precious Log:
 CardTable entry size: 512
 Card Set container configuration: InlinePtr #cards 4 size 8 Array Of Cards #cards 16 size 48 Howl #buckets 8 coarsen threshold 3686 Howl Bitmap #cards 512 size 80 coarsen threshold 460 Card regions per heap region 1 cards per card region 4096
 CPUs: 8 total, 8 available
 Memory: 16167M
 Large Page Support: Disabled
 NUMA Support: Disabled
 Compressed Oops: Enabled (Zero based)
 Heap Region Size: 2M
 Heap Min Capacity: 8M
 Heap Initial Capacity: 254M
 Heap Max Capacity: 4042M
 Pre-touch: Disabled
 Parallel Workers: 8
 Concurrent Workers: 2
 Concurrent Refinement Workers: 8
 Periodic GC: Disabled

Heap:
 garbage-first heap   total 90112K, used 30248K [0x0000000703600000, 0x0000000800000000)
  region size 2048K, 4 young (8192K), 4 survivors (8192K)
 Metaspace       used 41218K, committed 41984K, reserved 1114112K
  class space    used 5965K, committed 6336K, reserved 1048576K

Heap Regions: E=young(eden), S=young(survivor), O=old, HS=humongous(starts), HC=humongous(continues), CS=collection set, F=free, OA=open archive, CA=closed archive, TAMS=top-at-mark-start, PB=parsable bottom
|   0|0x0000000703600000, 0x0000000703800000, 0x0000000703800000|100%| O|  |TAMS 0x0000000703600000| PB 0x0000000703600000| Untracked 
|   1|0x0000000703800000, 0x0000000703a00000, 0x0000000703a00000|100%| O|  |TAMS 0x0000000703800000| PB 0x0000000703800000| Complete 
|   2|0x0000000703a00000, 0x0000000703c00000, 0x0000000703c00000|100%| O|  |TAMS 0x0000000703a00000| PB 0x0000000703a00000| Untracked 
|   3|0x0000000703c00000, 0x0000000703e00000, 0x0000000703e00000|100%| O|  |TAMS 0x0000000703c00000| PB 0x0000000703c00000| Untracked 
|   4|0x0000000703e00000, 0x0000000704000000, 0x0000000704000000|100%| O|  |TAMS 0x0000000703e00000| PB 0x0000000703e00000| Untracked 
|   5|0x0000000704000000, 0x0000000704200000, 0x0000000704200000|100%| O|  |TAMS 0x0000000704000000| PB 0x0000000704000000| Untracked 
|   6|0x0000000704200000, 0x0000000704400000, 0x0000000704400000|100%| O|  |TAMS 0x0000000704200000| PB 0x0000000704200000| Untracked 
|   7|0x0000000704400000, 0x0000000704600000, 0x0000000704600000|100%| O|  |TAMS 0x0000000704400000| PB 0x0000000704400000| Untracked 
|   8|0x0000000704600000, 0x0000000704800000, 0x0000000704800000|100%| O|  |TAMS 0x0000000704600000| PB 0x0000000704600000| Untracked 
|   9|0x0000000704800000, 0x0000000704a00000, 0x0000000704a00000|100%| O|  |TAMS 0x0000000704800000| PB 0x0000000704800000| Untracked 
|  10|0x0000000704a00000, 0x0000000704b8a200, 0x0000000704c00000| 76%| O|  |TAMS 0x0000000704a00000| PB 0x0000000704a00000| Untracked 
|  11|0x0000000704c00000, 0x0000000704c00000, 0x0000000704e00000|  0%| F|  |TAMS 0x0000000704c00000| PB 0x0000000704c00000| Untracked 
|  12|0x0000000704e00000, 0x0000000704e00000, 0x0000000705000000|  0%| F|  |TAMS 0x0000000704e00000| PB 0x0000000704e00000| Untracked 
|  13|0x0000000705000000, 0x0000000705000000, 0x0000000705200000|  0%| F|  |TAMS 0x0000000705000000| PB 0x0000000705000000| Untracked 
|  14|0x0000000705200000, 0x0000000705400000, 0x0000000705400000|100%| S|CS|TAMS 0x0000000705200000| PB 0x0000000705200000| Complete 
|  15|0x0000000705400000, 0x0000000705600000, 0x0000000705600000|100%| S|CS|TAMS 0x0000000705400000| PB 0x0000000705400000| Complete 
|  16|0x0000000705600000, 0x0000000705800000, 0x0000000705800000|100%| S|CS|TAMS 0x0000000705600000| PB 0x0000000705600000| Complete 
|  17|0x0000000705800000, 0x0000000705a00000, 0x0000000705a00000|100%| S|CS|TAMS 0x0000000705800000| PB 0x0000000705800000| Complete 
|  18|0x0000000705a00000, 0x0000000705a00000, 0x0000000705c00000|  0%| F|  |TAMS 0x0000000705a00000| PB 0x0000000705a00000| Untracked 
|  19|0x0000000705c00000, 0x0000000705c00000, 0x0000000705e00000|  0%| F|  |TAMS 0x0000000705c00000| PB 0x0000000705c00000| Untracked 
|  20|0x0000000705e00000, 0x0000000705e00000, 0x0000000706000000|  0%| F|  |TAMS 0x0000000705e00000| PB 0x0000000705e00000| Untracked 
|  21|0x0000000706000000, 0x0000000706000000, 0x0000000706200000|  0%| F|  |TAMS 0x0000000706000000| PB 0x0000000706000000| Untracked 
|  22|0x0000000706200000, 0x0000000706200000, 0x0000000706400000|  0%| F|  |TAMS 0x0000000706200000| PB 0x0000000706200000| Untracked 
|  23|0x0000000706400000, 0x0000000706400000, 0x0000000706600000|  0%| F|  |TAMS 0x0000000706400000| PB 0x0000000706400000| Untracked 
|  24|0x0000000706600000, 0x0000000706600000, 0x0000000706800000|  0%| F|  |TAMS 0x0000000706600000| PB 0x0000000706600000| Untracked 
|  25|0x0000000706800000, 0x0000000706800000, 0x0000000706a00000|  0%| F|  |TAMS 0x0000000706800000| PB 0x0000000706800000| Untracked 
|  26|0x0000000706a00000, 0x0000000706a00000, 0x0000000706c00000|  0%| F|  |TAMS 0x0000000706a00000| PB 0x0000000706a00000| Untracked 
|  27|0x0000000706c00000, 0x0000000706c00000, 0x0000000706e00000|  0%| F|  |TAMS 0x0000000706c00000| PB 0x0000000706c00000| Untracked 
|  28|0x0000000706e00000, 0x0000000706e00000, 0x0000000707000000|  0%| F|  |TAMS 0x0000000706e00000| PB 0x0000000706e00000| Untracked 
|  29|0x0000000707000000, 0x0000000707000000, 0x0000000707200000|  0%| F|  |TAMS 0x0000000707000000| PB 0x0000000707000000| Untracked 
|  30|0x0000000707200000, 0x0000000707200000, 0x0000000707400000|  0%| F|  |TAMS 0x0000000707200000| PB 0x0000000707200000| Untracked 
|  31|0x0000000707400000, 0x0000000707400000, 0x0000000707600000|  0%| F|  |TAMS 0x0000000707400000| PB 0x0000000707400000| Untracked 
|  32|0x0000000707600000, 0x0000000707600000, 0x0000000707800000|  0%| F|  |TAMS 0x0000000707600000| PB 0x0000000707600000| Untracked 
|  33|0x0000000707800000, 0x0000000707800000, 0x0000000707a00000|  0%| F|  |TAMS 0x0000000707800000| PB 0x0000000707800000| Untracked 
|  34|0x0000000707a00000, 0x0000000707a00000, 0x0000000707c00000|  0%| F|  |TAMS 0x0000000707a00000| PB 0x0000000707a00000| Untracked 
|  35|0x0000000707c00000, 0x0000000707c00000, 0x0000000707e00000|  0%| F|  |TAMS 0x0000000707c00000| PB 0x0000000707c00000| Untracked 
| 109|0x0000000711000000, 0x0000000711000000, 0x0000000711200000|  0%| F|  |TAMS 0x0000000711000000| PB 0x0000000711000000| Untracked 
| 110|0x0000000711200000, 0x0000000711200000, 0x0000000711400000|  0%| F|  |TAMS 0x0000000711200000| PB 0x0000000711200000| Untracked 
| 111|0x0000000711400000, 0x0000000711400000, 0x0000000711600000|  0%| F|  |TAMS 0x0000000711400000| PB 0x0000000711400000| Untracked 
| 112|0x0000000711600000, 0x0000000711600000, 0x0000000711800000|  0%| F|  |TAMS 0x0000000711600000| PB 0x0000000711600000| Untracked 
| 113|0x0000000711800000, 0x0000000711800000, 0x0000000711a00000|  0%| F|  |TAMS 0x0000000711800000| PB 0x0000000711800000| Untracked 
| 114|0x0000000711a00000, 0x0000000711a00000, 0x0000000711c00000|  0%| F|  |TAMS 0x0000000711a00000| PB 0x0000000711a00000| Untracked 
| 125|0x0000000713000000, 0x0000000713000000, 0x0000000713200000|  0%| F|  |TAMS 0x0000000713000000| PB 0x0000000713000000| Untracked 
| 126|0x0000000713200000, 0x0000000713200000, 0x0000000713400000|  0%| F|  |TAMS 0x0000000713200000| PB 0x0000000713200000| Untracked 

Card table byte_map: [0x000001fca2c40000,0x000001fca3430000] _byte_map_base: 0x000001fc9f425000

Marking Bits: (CMBitMap*) 0x000001fc97301200
 Bits: [0x000001fca3c20000, 0x000001fca7b48000)

Polling page: 0x000001fc951d0000

Metaspace:

Usage:
  Non-class:     34.43 MB used.
      Class:      5.83 MB used.
       Both:     40.25 MB used.

Virtual space:
  Non-class space:       64.00 MB reserved,      34.81 MB ( 54%) committed,  1 nodes.
      Class space:        1.00 GB reserved,       6.19 MB ( <1%) committed,  1 nodes.
             Both:        1.06 GB reserved,      41.00 MB (  4%) committed. 

Chunk freelists:
   Non-Class:  1.22 MB
       Class:  1.87 MB
        Both:  3.09 MB

MaxMetaspaceSize: unlimited
CompressedClassSpaceSize: 1.00 GB
Initial GC threshold: 21.00 MB
Current GC threshold: 57.94 MB
CDS: on
MetaspaceReclaimPolicy: balanced
 - commit_granule_bytes: 65536.
 - commit_granule_words: 8192.
 - virtual_space_node_default_size: 8388608.
 - enlarge_chunks_in_place: 1.
 - new_chunks_are_fully_committed: 0.
 - uncommit_free_chunks: 1.
 - use_allocation_guard: 0.


Internal statistics:

num_allocs_failed_limit: 3.
num_arena_births: 980.
num_arena_deaths: 0.
num_vsnodes_births: 2.
num_vsnodes_deaths: 0.
num_space_committed: 656.
num_space_uncommitted: 0.
num_chunks_returned_to_freelist: 3.
num_chunks_taken_from_freelist: 2550.
num_chunk_merges: 3.
num_chunk_splits: 1759.
num_chunks_enlarged: 1294.
num_inconsistent_stats: 0.

CodeCache: size=49152Kb used=10577Kb max_used=10577Kb free=38574Kb
 bounds [0x000001fc9f340000, 0x000001fc9fda0000, 0x000001fca2340000]
 total_blobs=5878 nmethods=5284 adapters=518
 compilation: enabled
              stopped_count=0, restarted_count=0
 full_count=0

Compilation events (20 events):
Event: 17.962 Thread 0x000001fcef9234e0 5324       1       org.springframework.beans.factory.BeanFactoryUtils::beanNamesForTypeIncludingAncestors (78 bytes)
Event: 17.962 Thread 0x000001fcef9234e0 nmethod 5324 0x000001fc9fd8e390 code [0x000001fc9fd8e560, 0x000001fc9fd8e930]
Event: 17.965 Thread 0x000001fcef9234e0 5325       1       java.lang.invoke.LambdaForm$MH/0x000001fcabd34800::invoke (42 bytes)
Event: 17.965 Thread 0x000001fcef9234e0 nmethod 5325 0x000001fc9fd8eb10 code [0x000001fc9fd8ece0, 0x000001fc9fd8ef10]
Event: 17.969 Thread 0x000001fcef9234e0 5326       1       org.springframework.beans.factory.support.ConstructorResolver$ConstructorDependencyDescriptor::resolveShortcut (25 bytes)
Event: 17.969 Thread 0x000001fcef9234e0 nmethod 5326 0x000001fc9fd8f090 code [0x000001fc9fd8f240, 0x000001fc9fd8f398]
Event: 17.969 Thread 0x000001fcef821730 5327       1       org.springframework.beans.factory.support.DefaultListableBeanFactory::resolveMultipleBeans (344 bytes)
Event: 17.970 Thread 0x000001fcef821730 nmethod 5327 0x000001fc9fd8f490 code [0x000001fc9fd8f880, 0x000001fc9fd90eb0]
Event: 17.970 Thread 0x000001fcef9234e0 5328       1       org.springframework.core.annotation.AnnotationTypeMapping::isBetterConventionAnnotationValue (42 bytes)
Event: 17.970 Thread 0x000001fcef9234e0 nmethod 5328 0x000001fc9fd91a90 code [0x000001fc9fd91c20, 0x000001fc9fd91db8]
Event: 17.970 Thread 0x000001fcef9234e0 5329   !   1       jdk.proxy2.$Proxy81::annotationType (29 bytes)
Event: 17.971 Thread 0x000001fcef9234e0 nmethod 5329 0x000001fc9fd91f10 code [0x000001fc9fd920c0, 0x000001fc9fd922e0]
Event: 17.972 Thread 0x000001fcef821730 5330       1       org.springframework.core.PrioritizedParameterNameDiscoverer::getParameterNames (51 bytes)
Event: 17.972 Thread 0x000001fcef9234e0 5331       1       org.springframework.core.StandardReflectionParameterNameDiscoverer::getParameterNames (9 bytes)
Event: 17.972 Thread 0x000001fcef9234e0 nmethod 5331 0x000001fc9fd92410 code [0x000001fc9fd925c0, 0x000001fc9fd92730]
Event: 17.972 Thread 0x000001fcef821730 nmethod 5330 0x000001fc9fd92890 code [0x000001fc9fd92a60, 0x000001fc9fd92c88]
Event: 17.977 Thread 0x000001fcef821730 5332       1       org.springframework.beans.factory.support.DefaultListableBeanFactory::resolveInstance (59 bytes)
Event: 17.977 Thread 0x000001fcef821730 nmethod 5332 0x000001fc9fd92d90 code [0x000001fc9fd93020, 0x000001fc9fd938d8]
Event: 17.992 Thread 0x000001fcef821730 5333       1       jdk.internal.misc.VM::initLevel (4 bytes)
Event: 17.992 Thread 0x000001fcef821730 nmethod 5333 0x000001fc9fd94490 code [0x000001fc9fd94600, 0x000001fc9fd946b8]

GC Heap History (15 events):
Event: 0.922 GC heap before
{Heap before GC invocations=0 (full 0):
 garbage-first heap   total 260096K, used 20480K [0x0000000703600000, 0x0000000800000000)
  region size 2048K, 11 young (22528K), 0 survivors (0K)
 Metaspace       used 1993K, committed 2240K, reserved 1114112K
  class space    used 252K, committed 384K, reserved 1048576K
}
Event: 0.932 GC heap after
{Heap after GC invocations=1 (full 0):
 garbage-first heap   total 260096K, used 9301K [0x0000000703600000, 0x0000000800000000)
  region size 2048K, 2 young (4096K), 2 survivors (4096K)
 Metaspace       used 1993K, committed 2240K, reserved 1114112K
  class space    used 252K, committed 384K, reserved 1048576K
}
Event: 1.657 GC heap before
{Heap before GC invocations=1 (full 0):
 garbage-first heap   total 260096K, used 27733K [0x0000000703600000, 0x0000000800000000)
  region size 2048K, 12 young (24576K), 2 survivors (4096K)
 Metaspace       used 6261K, committed 6464K, reserved 1114112K
  class space    used 783K, committed 896K, reserved 1048576K
}
Event: 1.666 GC heap after
{Heap after GC invocations=2 (full 0):
 garbage-first heap   total 260096K, used 13582K [0x0000000703600000, 0x0000000800000000)
  region size 2048K, 2 young (4096K), 2 survivors (4096K)
 Metaspace       used 6261K, committed 6464K, reserved 1114112K
  class space    used 783K, committed 896K, reserved 1048576K
}
Event: 5.624 GC heap before
{Heap before GC invocations=2 (full 0):
 garbage-first heap   total 260096K, used 62734K [0x0000000703600000, 0x0000000800000000)
  region size 2048K, 27 young (55296K), 2 survivors (4096K)
 Metaspace       used 18537K, committed 18944K, reserved 1114112K
  class space    used 2457K, committed 2688K, reserved 1048576K
}
Event: 5.634 GC heap after
{Heap after GC invocations=3 (full 0):
 garbage-first heap   total 260096K, used 16998K [0x0000000703600000, 0x0000000800000000)
  region size 2048K, 4 young (8192K), 4 survivors (8192K)
 Metaspace       used 18537K, committed 18944K, reserved 1114112K
  class space    used 2457K, committed 2688K, reserved 1048576K
}
Event: 6.043 GC heap before
{Heap before GC invocations=3 (full 0):
 garbage-first heap   total 260096K, used 45670K [0x0000000703600000, 0x0000000800000000)
  region size 2048K, 16 young (32768K), 4 survivors (8192K)
 Metaspace       used 20864K, committed 21248K, reserved 1114112K
  class space    used 2865K, committed 3008K, reserved 1048576K
}
Event: 6.051 GC heap after
{Heap after GC invocations=4 (full 0):
 garbage-first heap   total 260096K, used 21249K [0x0000000703600000, 0x0000000800000000)
  region size 2048K, 6 young (12288K), 6 survivors (12288K)
 Metaspace       used 20864K, committed 21248K, reserved 1114112K
  class space    used 2865K, committed 3008K, reserved 1048576K
}
Event: 7.043 GC heap before
{Heap before GC invocations=5 (full 0):
 garbage-first heap   total 90112K, used 62209K [0x0000000703600000, 0x0000000800000000)
  region size 2048K, 26 young (53248K), 6 survivors (12288K)
 Metaspace       used 23957K, committed 24320K, reserved 1114112K
  class space    used 3272K, committed 3456K, reserved 1048576K
}
Event: 7.057 GC heap after
{Heap after GC invocations=6 (full 0):
 garbage-first heap   total 90112K, used 19249K [0x0000000703600000, 0x0000000800000000)
  region size 2048K, 2 young (4096K), 2 survivors (4096K)
 Metaspace       used 23957K, committed 24320K, reserved 1114112K
  class space    used 3272K, committed 3456K, reserved 1048576K
}
Event: 9.230 GC heap before
{Heap before GC invocations=6 (full 0):
 garbage-first heap   total 90112K, used 68401K [0x0000000703600000, 0x0000000800000000)
  region size 2048K, 26 young (53248K), 2 survivors (4096K)
 Metaspace       used 27844K, committed 28288K, reserved 1114112K
  class space    used 3871K, committed 4032K, reserved 1048576K
}
Event: 9.245 GC heap after
{Heap after GC invocations=7 (full 0):
 garbage-first heap   total 90112K, used 22096K [0x0000000703600000, 0x0000000800000000)
  region size 2048K, 4 young (8192K), 4 survivors (8192K)
 Metaspace       used 27844K, committed 28288K, reserved 1114112K
  class space    used 3871K, committed 4032K, reserved 1048576K
}
Event: 12.259 GC heap before
{Heap before GC invocations=7 (full 0):
 garbage-first heap   total 90112K, used 61008K [0x0000000703600000, 0x0000000800000000)
  region size 2048K, 24 young (49152K), 4 survivors (8192K)
 Metaspace       used 35034K, committed 35520K, reserved 1114112K
  class space    used 4946K, committed 5184K, reserved 1048576K
}
Event: 12.293 GC heap after
{Heap after GC invocations=8 (full 0):
 garbage-first heap   total 90112K, used 25585K [0x0000000703600000, 0x0000000800000000)
  region size 2048K, 4 young (8192K), 4 survivors (8192K)
 Metaspace       used 35034K, committed 35520K, reserved 1114112K
  class space    used 4946K, committed 5184K, reserved 1048576K
}
Event: 17.995 GC heap before
{Heap before GC invocations=9 (full 0):
 garbage-first heap   total 90112K, used 70641K [0x0000000703600000, 0x0000000800000000)
  region size 2048K, 26 young (53248K), 4 survivors (8192K)
 Metaspace       used 41218K, committed 41984K, reserved 1114112K
  class space    used 5965K, committed 6336K, reserved 1048576K
}

Dll operation events (10 events):
Event: 0.028 Loaded shared library C:\Program Files\Java\jdk-20\bin\java.dll
Event: 0.078 Loaded shared library C:\Program Files\Java\jdk-20\bin\jsvml.dll
Event: 0.256 Loaded shared library C:\Program Files\Java\jdk-20\bin\net.dll
Event: 0.261 Loaded shared library C:\Program Files\Java\jdk-20\bin\nio.dll
Event: 0.267 Loaded shared library C:\Program Files\Java\jdk-20\bin\zip.dll
Event: 0.554 Loaded shared library C:\Program Files\Java\jdk-20\bin\jimage.dll
Event: 3.269 Loaded shared library C:\Program Files\Java\jdk-20\bin\extnet.dll
Event: 5.903 Loaded shared library C:\Program Files\Java\jdk-20\bin\verify.dll
Event: 17.868 Loaded shared library C:\Program Files\Java\jdk-20\bin\management.dll
Event: 17.870 Loaded shared library C:\Program Files\Java\jdk-20\bin\management_ext.dll

Deoptimization events (12 events):
Event: 3.006 Thread 0x000001fc97285dd0 DEOPT PACKING pc=0x000001fc9f85023c sp=0x0000002cd29fe290
Event: 3.007 Thread 0x000001fc97285dd0 DEOPT UNPACKING pc=0x000001fc9f3ae462 sp=0x0000002cd29fd758 mode 0
Event: 4.006 Thread 0x000001fc97285dd0 DEOPT PACKING pc=0x000001fc9f98bcdd sp=0x0000002cd29fe4d0
Event: 4.006 Thread 0x000001fc97285dd0 DEOPT UNPACKING pc=0x000001fc9f3ae462 sp=0x0000002cd29fd978 mode 3
Event: 5.790 Thread 0x000001fc97285dd0 DEOPT PACKING pc=0x000001fc9f4bc061 sp=0x0000002cd29fd5b0
Event: 5.790 Thread 0x000001fc97285dd0 DEOPT UNPACKING pc=0x000001fc9f3ae462 sp=0x0000002cd29fca90 mode 3
Event: 6.033 Thread 0x000001fc97285dd0 DEOPT PACKING pc=0x000001fc9f67cff5 sp=0x0000002cd29fe410
Event: 6.033 Thread 0x000001fc97285dd0 DEOPT UNPACKING pc=0x000001fc9f3ae462 sp=0x0000002cd29fd978 mode 3
Event: 6.306 Thread 0x000001fc97285dd0 DEOPT PACKING pc=0x000001fc9f6667bc sp=0x0000002cd29fdd30
Event: 6.306 Thread 0x000001fc97285dd0 DEOPT UNPACKING pc=0x000001fc9f3ae462 sp=0x0000002cd29fd258 mode 0
Event: 10.543 Thread 0x000001fc97285dd0 DEOPT PACKING pc=0x000001fc9fd331e1 sp=0x0000002cd29fb680
Event: 10.543 Thread 0x000001fc97285dd0 DEOPT UNPACKING pc=0x000001fc9f3ae462 sp=0x0000002cd29fab60 mode 3

Classes loaded (20 events):
Event: 17.882 Loading class sun/management/RuntimeImpl
Event: 17.882 Loading class sun/management/RuntimeImpl done
Event: 17.883 Loading class java/lang/management/OperatingSystemMXBean
Event: 17.883 Loading class java/lang/management/OperatingSystemMXBean done
Event: 17.883 Loading class com/sun/management/internal/OperatingSystemImpl
Event: 17.883 Loading class com/sun/management/OperatingSystemMXBean
Event: 17.883 Loading class com/sun/management/OperatingSystemMXBean done
Event: 17.883 Loading class sun/management/BaseOperatingSystemImpl
Event: 17.883 Loading class sun/management/BaseOperatingSystemImpl done
Event: 17.883 Loading class com/sun/management/internal/OperatingSystemImpl done
Event: 17.884 Loading class com/sun/management/UnixOperatingSystemMXBean
Event: 17.884 Loading class com/sun/management/UnixOperatingSystemMXBean done
Event: 17.891 Loading class java/util/concurrent/ThreadPerTaskExecutor
Event: 17.892 Loading class java/util/concurrent/ThreadPerTaskExecutor done
Event: 17.916 Loading class java/util/concurrent/atomic/AtomicIntegerArray
Event: 17.916 Loading class java/util/concurrent/atomic/AtomicIntegerArray done
Event: 17.955 Loading class javax/net/ssl/SSLContext
Event: 17.956 Loading class javax/net/ssl/SSLContext done
Event: 17.956 Loading class javax/net/ssl/HostnameVerifier
Event: 17.956 Loading class javax/net/ssl/HostnameVerifier done

Classes unloaded (0 events):
No events

Classes redefined (0 events):
No events

Internal exceptions (20 events):
Event: 14.486 Thread 0x000001fc97285dd0 Exception <a 'java/lang/NoSuchMethodError'{0x00000007112f5ae0}: 'int java.lang.invoke.DirectMethodHandle$Holder.invokeStaticInit(java.lang.Object)'> (0x00000007112f5ae0) 
thrown [s\open\src\hotspot\share\interpreter\linkResolver.cpp, line 773]
Event: 14.514 Thread 0x000001fc97285dd0 Exception <a 'java/lang/NoSuchMethodError'{0x0000000711306c70}: 'java.lang.Object java.lang.invoke.DirectMethodHandle$Holder.invokeStaticInit(java.lang.Object, int, int, int, int)'> (0x0000000711306c70) 
thrown [s\open\src\hotspot\share\interpreter\linkResolver.cpp, line 773]
Event: 15.186 Thread 0x000001fc97285dd0 Exception <a 'java/lang/NoSuchMethodError'{0x00000007113c2030}: 'java.lang.Object java.lang.invoke.DirectMethodHandle$Holder.invokeStaticInit(java.lang.Object, java.lang.Object, int, int, int, int)'> (0x00000007113c2030) 
thrown [s\open\src\hotspot\share\interpreter\linkResolver.cpp, line 773]
Event: 15.218 Thread 0x000001fc97285dd0 Exception <a 'java/lang/IncompatibleClassChangeError'{0x00000007113deb20}: Found class java.lang.Object, but interface was expected> (0x00000007113deb20) 
thrown [s\open\src\hotspot\share\interpreter\linkResolver.cpp, line 840]
Event: 15.614 Thread 0x000001fc97285dd0 Exception <a 'java/lang/NoSuchMethodError'{0x0000000707de0650}: 'java.lang.Object java.lang.invoke.DirectMethodHandle$Holder.invokeStaticInit(java.lang.Object, java.lang.Object, java.lang.Object, java.lang.Object)'> (0x0000000707de0650) 
thrown [s\open\src\hotspot\share\interpreter\linkResolver.cpp, line 773]
Event: 15.615 Thread 0x000001fc97285dd0 Exception <a 'java/lang/IncompatibleClassChangeError'{0x0000000707df3170}: Found class java.lang.Object, but interface was expected> (0x0000000707df3170) 
thrown [s\open\src\hotspot\share\interpreter\linkResolver.cpp, line 840]
Event: 15.616 Thread 0x000001fc97285dd0 Exception <a 'java/lang/IncompatibleClassChangeError'{0x0000000707a00710}: Found class java.lang.Object, but interface was expected> (0x0000000707a00710) 
thrown [s\open\src\hotspot\share\interpreter\linkResolver.cpp, line 840]
Event: 15.618 Thread 0x000001fc97285dd0 Exception <a 'java/lang/IncompatibleClassChangeError'{0x0000000707a2fa00}: Found class java.lang.Object, but interface was expected> (0x0000000707a2fa00) 
thrown [s\open\src\hotspot\share\interpreter\linkResolver.cpp, line 840]
Event: 15.643 Thread 0x000001fc97285dd0 Exception <a 'java/lang/IncompatibleClassChangeError'{0x0000000707bfb5a8}: Found class java.lang.Object, but interface was expected> (0x0000000707bfb5a8) 
thrown [s\open\src\hotspot\share\interpreter\linkResolver.cpp, line 840]
Event: 15.677 Thread 0x000001fc97285dd0 Exception <a 'java/lang/IncompatibleClassChangeError'{0x00000007079e49f0}: Found class java.lang.Object, but interface was expected> (0x00000007079e49f0) 
thrown [s\open\src\hotspot\share\interpreter\linkResolver.cpp, line 840]
Event: 15.700 Thread 0x000001fc97285dd0 Exception <a 'java/lang/IncompatibleClassChangeError'{0x0000000707713c88}: Found class java.lang.Object, but interface was expected> (0x0000000707713c88) 
thrown [s\open\src\hotspot\share\interpreter\linkResolver.cpp, line 840]
Event: 15.720 Thread 0x000001fc97285dd0 Exception <a 'java/lang/NoSuchMethodError'{0x000000070742e070}: 'java.lang.Object java.lang.invoke.DirectMethodHandle$Holder.invokeVirtual(java.lang.Object, java.lang.Object, java.lang.Object, java.lang.Object, java.lang.Object, java.lang.Object, java.lang.Object, java.lang.Object, java.lang.Object)'> (0x000000070742e070) 
thrown [s\open\src\hotspot\share\interpreter\linkResolver.cpp, line 773]
Event: 15.735 Thread 0x000001fc97285dd0 Exception <a 'java/lang/NoSuchMethodError'{0x000000070752a478}: 'int java.lang.invoke.DirectMethodHandle$Holder.invokeStatic(java.lang.Object, java.lang.Object, java.lang.Object, java.lang.Object, java.lang.Object)'> (0x000000070752a478) 
thrown [s\open\src\hotspot\share\interpreter\linkResolver.cpp, line 773]
Event: 17.737 Thread 0x000001fc97285dd0 Exception <a 'java/lang/NoSuchMethodError'{0x0000000706e0e3f0}: 'java.lang.Object java.lang.invoke.DirectMethodHandle$Holder.invokeVirtual(java.lang.Object, java.lang.Object, java.lang.Object, java.lang.Object, java.lang.Object, java.lang.Object, java.lang.Object, java.lang.Object)'> (0x0000000706e0e3f0) 
thrown [s\open\src\hotspot\share\interpreter\linkResolver.cpp, line 773]
Event: 17.778 Thread 0x000001fc97285dd0 Exception <a 'java/lang/IncompatibleClassChangeError'{0x0000000706c5f4f8}: Found class java.lang.Object, but interface was expected> (0x0000000706c5f4f8) 
thrown [s\open\src\hotspot\share\interpreter\linkResolver.cpp, line 840]
Event: 17.807 Thread 0x000001fc97285dd0 Exception <a 'java/lang/IncompatibleClassChangeError'{0x0000000706a450f0}: Found class java.lang.Object, but interface was expected> (0x0000000706a450f0) 
thrown [s\open\src\hotspot\share\interpreter\linkResolver.cpp, line 840]
Event: 17.831 Thread 0x000001fc97285dd0 Exception <a 'java/lang/NoSuchMethodError'{0x0000000706b57410}: 'double java.lang.invoke.DirectMethodHandle$Holder.invokeVirtual(java.lang.Object, java.lang.Object)'> (0x0000000706b57410) 
thrown [s\open\src\hotspot\share\interpreter\linkResolver.cpp, line 773]
Event: 17.892 Thread 0x000001fc97285dd0 Exception <a 'java/lang/IncompatibleClassChangeError'{0x00000007069d2db0}: Found class java.lang.Object, but interface was expected> (0x00000007069d2db0) 
thrown [s\open\src\hotspot\share\interpreter\linkResolver.cpp, line 840]
Event: 17.893 Thread 0x000001fc97285dd0 Exception <a 'java/lang/NoSuchMethodError'{0x00000007069e07c0}: 'long java.lang.invoke.DirectMethodHandle$Holder.invokeVirtual(java.lang.Object, java.lang.Object)'> (0x00000007069e07c0) 
thrown [s\open\src\hotspot\share\interpreter\linkResolver.cpp, line 773]
Event: 17.896 Thread 0x000001fc97285dd0 Exception <a 'java/lang/NoSuchMethodError'{0x00000007069fdd08}: 'double java.lang.invoke.DirectMethodHandle$Holder.invokeStatic(java.lang.Object, java.lang.Object)'> (0x00000007069fdd08) 
thrown [s\open\src\hotspot\share\interpreter\linkResolver.cpp, line 773]

VM Operations (20 events):
Event: 14.355 Executing VM operation: Cleanup done
Event: 14.492 Executing VM operation: HandshakeAllThreads
Event: 14.492 Executing VM operation: HandshakeAllThreads done
Event: 15.499 Executing VM operation: Cleanup
Event: 15.516 Executing VM operation: Cleanup done
Event: 15.555 Executing VM operation: HandshakeAllThreads
Event: 15.555 Executing VM operation: HandshakeAllThreads done
Event: 15.709 Executing VM operation: HandshakeAllThreads
Event: 15.709 Executing VM operation: HandshakeAllThreads done
Event: 16.709 Executing VM operation: Cleanup
Event: 16.710 Executing VM operation: Cleanup done
Event: 17.723 Executing VM operation: Cleanup
Event: 17.723 Executing VM operation: Cleanup done
Event: 17.758 Executing VM operation: HandshakeAllThreads
Event: 17.758 Executing VM operation: HandshakeAllThreads done
Event: 17.759 Executing VM operation: HandshakeAllThreads
Event: 17.759 Executing VM operation: HandshakeAllThreads done
Event: 17.788 Executing VM operation: HandshakeAllThreads
Event: 17.788 Executing VM operation: HandshakeAllThreads done
Event: 17.995 Executing VM operation: G1CollectForAllocation

Events (20 events):
Event: 12.326 Thread 0x000001fca9fe0d10 flushing nmethod 0x000001fc9f578510
Event: 12.326 Thread 0x000001fca9fe0d10 flushing nmethod 0x000001fc9f56ed10
Event: 12.326 Thread 0x000001fca9fe0d10 flushing nmethod 0x000001fc9f56da90
Event: 12.326 Thread 0x000001fca9fe0d10 flushing nmethod 0x000001fc9f56d710
Event: 12.326 Thread 0x000001fca9fe0d10 flushing nmethod 0x000001fc9f567a90
Event: 12.326 Thread 0x000001fca9fe0d10 flushing nmethod 0x000001fc9f56e810
Event: 12.326 Thread 0x000001fca9fe0d10 flushing nmethod 0x000001fc9f56e310
Event: 12.326 Thread 0x000001fca9fe0d10 flushing nmethod 0x000001fc9f564010
Event: 12.326 Thread 0x000001fca9fe0d10 flushing nmethod 0x000001fc9f561810
Event: 12.326 Thread 0x000001fca9fe0d10 flushing nmethod 0x000001fc9f55e310
Event: 12.326 Thread 0x000001fca9fe0d10 flushing nmethod 0x000001fc9f53eb10
Event: 12.326 Thread 0x000001fca9fe0d10 flushing nmethod 0x000001fc9f53b210
Event: 12.326 Thread 0x000001fca9fe0d10 flushing nmethod 0x000001fc9f539e10
Event: 12.326 Thread 0x000001fca9fe0d10 flushing nmethod 0x000001fc9f540490
Event: 12.326 Thread 0x000001fca9fe0d10 flushing nmethod 0x000001fc9f51ef90
Event: 12.326 Thread 0x000001fca9fe0d10 flushing nmethod 0x000001fc9f51d490
Event: 12.326 Thread 0x000001fca9fe0d10 flushing nmethod 0x000001fc9f51cd90
Event: 12.326 Thread 0x000001fca9fe0d10 flushing nmethod 0x000001fc9f51be10
Event: 12.326 Thread 0x000001fca9fe0d10 flushing nmethod 0x000001fc9f4bb410
Event: 13.281 Thread 0x000001fcef9234e0 Thread added: 0x000001fcef9234e0


Dynamic libraries:
0x00007ff66a000000 - 0x00007ff66a010000 	C:\Program Files\Java\jdk-20\bin\java.exe
0x00007ffcf5f40000 - 0x00007ffcf61a7000 	C:\WINDOWS\SYSTEM32\ntdll.dll
0x00007ffcf42c0000 - 0x00007ffcf4389000 	C:\WINDOWS\System32\KERNEL32.DLL
0x00007ffcf2810000 - 0x00007ffcf2c04000 	C:\WINDOWS\System32\KERNELBASE.dll
0x00007ffcf3b80000 - 0x00007ffcf3ccb000 	C:\WINDOWS\System32\ucrtbase.dll
0x00007ffcdb8a0000 - 0x00007ffcdb8b9000 	C:\Program Files\Java\jdk-20\bin\jli.dll
0x00007ffcdb4c0000 - 0x00007ffcdb4db000 	C:\Program Files\Java\jdk-20\bin\VCRUNTIME140.dll
0x00007ffcf43b0000 - 0x00007ffcf4466000 	C:\WINDOWS\System32\ADVAPI32.dll
0x00007ffcf51f0000 - 0x00007ffcf5299000 	C:\WINDOWS\System32\msvcrt.dll
0x00007ffcf5400000 - 0x00007ffcf54a7000 	C:\WINDOWS\System32\sechost.dll
0x00007ffcf4990000 - 0x00007ffcf4aa8000 	C:\WINDOWS\System32\RPCRT4.dll
0x00007ffcf4ac0000 - 0x00007ffcf4c85000 	C:\WINDOWS\System32\USER32.dll
0x00007ffcf2d80000 - 0x00007ffcf2da7000 	C:\WINDOWS\System32\win32u.dll
0x00007ffcd5d00000 - 0x00007ffcd5f93000 	C:\WINDOWS\WinSxS\amd64_microsoft.windows.common-controls_6595b64144ccf1df_6.0.26100.8115_none_3e075c82e3354f9c\COMCTL32.dll
0x00007ffcf51c0000 - 0x00007ffcf51eb000 	C:\WINDOWS\System32\GDI32.dll
0x00007ffcf3130000 - 0x00007ffcf325b000 	C:\WINDOWS\System32\gdi32full.dll
0x00007ffcf2e70000 - 0x00007ffcf2f13000 	C:\WINDOWS\System32\msvcp_win.dll
0x00007ffce4630000 - 0x00007ffce463b000 	C:\WINDOWS\SYSTEM32\VERSION.dll
0x00007ffcf5180000 - 0x00007ffcf51b2000 	C:\WINDOWS\System32\IMM32.DLL
0x00007ffce1550000 - 0x00007ffce155c000 	C:\Program Files\Java\jdk-20\bin\vcruntime140_1.dll
0x00007ffcd19c0000 - 0x00007ffcd1a4e000 	C:\Program Files\Java\jdk-20\bin\msvcp140.dll
0x00007ffc49340000 - 0x00007ffc49fd8000 	C:\Program Files\Java\jdk-20\bin\server\jvm.dll
0x00007ffcd0830000 - 0x00007ffcd083a000 	C:\WINDOWS\SYSTEM32\WSOCK32.dll
0x00007ffcf50f0000 - 0x00007ffcf5170000 	C:\WINDOWS\System32\WS2_32.dll
0x00007ffcea220000 - 0x00007ffcea256000 	C:\WINDOWS\SYSTEM32\WINMM.dll
0x00007ffcf15a0000 - 0x00007ffcf15bb000 	C:\WINDOWS\SYSTEM32\kernel.appcore.dll
0x00007ffcdb890000 - 0x00007ffcdb89a000 	C:\Program Files\Java\jdk-20\bin\jimage.dll
0x00007ffcedc70000 - 0x00007ffcedeb2000 	C:\WINDOWS\SYSTEM32\DBGHELP.DLL
0x00007ffcf3cd0000 - 0x00007ffcf4052000 	C:\WINDOWS\System32\combase.dll
0x00007ffcf4060000 - 0x00007ffcf4138000 	C:\WINDOWS\System32\OLEAUT32.dll
0x00007ffcd0fd0000 - 0x00007ffcd100b000 	C:\WINDOWS\SYSTEM32\dbgcore.DLL
0x00007ffcf3260000 - 0x00007ffcf3305000 	C:\WINDOWS\System32\bcryptPrimitives.dll
0x00007ffcc71e0000 - 0x00007ffcc7206000 	C:\Program Files\Java\jdk-20\bin\java.dll
0x00007ffcaa410000 - 0x00007ffcaa4e7000 	C:\Program Files\Java\jdk-20\bin\jsvml.dll
0x00007ffcf5790000 - 0x00007ffcf5ef7000 	C:\WINDOWS\System32\SHELL32.dll
0x00007ffcf2c10000 - 0x00007ffcf2d7a000 	C:\WINDOWS\System32\wintypes.dll
0x00007ffcf3310000 - 0x00007ffcf3b78000 	C:\WINDOWS\System32\windows.storage.dll
0x00007ffcf4f70000 - 0x00007ffcf5068000 	C:\WINDOWS\System32\SHCORE.dll
0x00007ffcf4140000 - 0x00007ffcf41a6000 	C:\WINDOWS\System32\shlwapi.dll
0x00007ffcf2730000 - 0x00007ffcf2759000 	C:\WINDOWS\SYSTEM32\profapi.dll
0x00007ffcdb4a0000 - 0x00007ffcdb4b3000 	C:\Program Files\Java\jdk-20\bin\net.dll
0x00007ffce4d50000 - 0x00007ffce4e7d000 	C:\WINDOWS\SYSTEM32\WINHTTP.dll
0x00007ffcf1b10000 - 0x00007ffcf1b7c000 	C:\WINDOWS\system32\mswsock.dll
0x00007ffcd1090000 - 0x00007ffcd10a6000 	C:\Program Files\Java\jdk-20\bin\nio.dll
0x00007ffcc71c0000 - 0x00007ffcc71d8000 	C:\Program Files\Java\jdk-20\bin\zip.dll
0x00007ffcf10f0000 - 0x00007ffcf1222000 	C:\WINDOWS\SYSTEM32\DNSAPI.dll
0x00007ffcf1010000 - 0x00007ffcf1042000 	C:\WINDOWS\SYSTEM32\IPHLPAPI.DLL
0x00007ffcf43a0000 - 0x00007ffcf43aa000 	C:\WINDOWS\System32\NSI.dll
0x00007ffce3c00000 - 0x00007ffce3c0b000 	C:\Windows\System32\rasadhlp.dll
0x00007ffce5b60000 - 0x00007ffce5be6000 	C:\WINDOWS\System32\fwpuclnt.dll
0x00007ffcd1610000 - 0x00007ffcd1617000 	C:\Program Files\Java\jdk-20\bin\extnet.dll
0x00007ffce9f50000 - 0x00007ffce9f6d000 	C:\WINDOWS\SYSTEM32\dhcpcsvc6.DLL
0x00007ffce54f0000 - 0x00007ffce5515000 	C:\WINDOWS\SYSTEM32\dhcpcsvc.DLL
0x00007ffcd15f0000 - 0x00007ffcd1600000 	C:\Program Files\Java\jdk-20\bin\verify.dll
0x00007ffcf1df0000 - 0x00007ffcf1e0b000 	C:\WINDOWS\SYSTEM32\CRYPTSP.dll
0x00007ffcf1500000 - 0x00007ffcf1539000 	C:\WINDOWS\system32\rsaenh.dll
0x00007ffcf1bc0000 - 0x00007ffcf1bf3000 	C:\WINDOWS\SYSTEM32\USERENV.dll
0x00007ffcf2700000 - 0x00007ffcf272a000 	C:\WINDOWS\SYSTEM32\bcrypt.dll
0x00007ffcf1e10000 - 0x00007ffcf1e1c000 	C:\WINDOWS\SYSTEM32\CRYPTBASE.dll
0x00007ffcd1660000 - 0x00007ffcd166a000 	C:\Program Files\Java\jdk-20\bin\management.dll
0x00007ffcd1650000 - 0x00007ffcd165b000 	C:\Program Files\Java\jdk-20\bin\management_ext.dll
0x00007ffcf41b0000 - 0x00007ffcf41b8000 	C:\WINDOWS\System32\PSAPI.DLL

dbghelp: loaded successfully - version: 4.0.5 - missing functions: none
symbol engine: initialized successfully - sym options: 0x614 - pdb path: .;C:\Program Files\Java\jdk-20\bin;C:\WINDOWS\SYSTEM32;C:\WINDOWS\WinSxS\amd64_microsoft.windows.common-controls_6595b64144ccf1df_6.0.26100.8115_none_3e075c82e3354f9c;C:\Program Files\Java\jdk-20\bin\server

VM Arguments:
jvm_args: -XX:TieredStopAtLevel=1 
java_command: com.neuroguard.gateway.GatewayApplication
java_class_path (initial): C:\Users\LENOVO\Desktop\appDistribu嬞NeuroGuard_MiniProjet-\BackEnd\gateway\target\classes;C:\Users\LENOVO\.m2\repository\org\springframework\cloud\spring-cloud-starter-config\4.3.1\spring-cloud-starter-config-4.3.1.jar;C:\Users\LENOVO\.m2\repository\org\springframework\cloud\spring-cloud-starter\4.3.1\spring-cloud-starter-4.3.1.jar;C:\Users\LENOVO\.m2\repository\org\springframework\cloud\spring-cloud-context\4.3.1\spring-cloud-context-4.3.1.jar;C:\Users\LENOVO\.m2\repository\org\springframework\security\spring-security-crypto\6.5.8\spring-security-crypto-6.5.8.jar;C:\Users\LENOVO\.m2\repository\org\springframework\cloud\spring-cloud-commons\4.3.1\spring-cloud-commons-4.3.1.jar;C:\Users\LENOVO\.m2\repository\org\bouncycastle\bcprov-jdk18on\1.80\bcprov-jdk18on-1.80.jar;C:\Users\LENOVO\.m2\repository\org\springframework\cloud\spring-cloud-config-client\4.3.1\spring-cloud-config-client-4.3.1.jar;C:\Users\LENOVO\.m2\repository\org\springframework\boot\spring-boot-autoconfigure\3.5.11\spring-boot-autoconfigure-3.5.11.jar;C:\Users\LENOVO\.m2\repository\org\springframework\spring-web\6.2.16\spring-web-6.2.16.jar;C:\Users\LENOVO\.m2\repository\org\springframework\spring-beans\6.2.16\spring-beans-6.2.16.jar;C:\Users\LENOVO\.m2\repository\com\fasterxml\jackson\core\jackson-annotations\2.19.4\jackson-annotations-2.19.4.jar;C:\Users\LENOVO\.m2\repository\org\apache\httpcomponents\client5\httpclient5\5.5.2\httpclient5-5.5.2.jar;C:\Users\LENOVO\.m2\repository\org\apache\httpcomponents\core5\httpcore5\5.3.6\httpcore5-5.3.6.jar;C:\Users\LENOVO\.m2\repository\org\apache\httpcomponents\core5\httpcore5-h2\5.3.6\httpcore5-h2-5.3.6.jar;C:\Users\LENOVO\.m2\repository\com\fasterxml\jackson\core\jackson-databind\2.19.4\jackson-databind-2.19.4.jar;C:\Users\LENOVO\.m2\repository\com\fasterxml\jackson\core\jackson-core\2.19.4\jackson-core-2.19.4.jar;C:\Users\LENOVO\.m2\repository\org\springframework\boot\spring-boot\3.5.11\spring-boot-3.5.11.jar;C:\Users\LENOVO\.m2\repository\org\springframework\spring-context\6.2.16\spring-context-6.2.16.jar;C:\Users\LENOVO\.m2\repository\org\springframework\spring-aop\6.2.16\spring-aop-6.2.16.jar;C:\Users\LENOVO\.m2\repository\org\springframework\spring-expression\6.2.16\spring-expression-6.2.16.jar;C:\Users\LENOVO\.m2\repository\ch\qos\logback\logback-classic\1.5.32\logback-classic-1.5.32.jar;C:\Users\LENOVO\.m2\repository\ch\qos\logback\logback-core\1.5.32\logback-core-1.5.32.jar;C:\Users\LENOVO\.m2\repository\org\apache\logging\log4j\log4j-to-slf4j\2.24.3\log4j-to-slf4j-2.24.3.jar;C:\Users\LENOVO\.m2\repository\org\apache\logging\log4j\log4j-api\2.24.3\log4j-api-2.24.3.jar;C:\Users\LENOVO\.m2\repository\org\slf4j\jul-to-slf4j\2.0.17\jul-to-slf4j-2.0.17.jar;C:\Users\LENOVO\.m2\repository\jakarta\annotation\jakarta.annotation-api\2.1.1\jakarta.annotation-api-2.1.1.jar;C:\Users\LENOVO\.m2\repository\org\yaml\snakeyaml\2.4\snakeyaml-2.4.jar;C:\Users\LENOVO\.m2\repository\org\springframework\boot\spring-boot-actuator-autoconfigure\3.5.11\spring-boot-actuator-autoconfigure-3.5.11.jar;C:\Users\LENOVO\.m2\repository\org\springframework\boot\spring-boot-actuator\3.5.11\spring-boot-actuator-3.5.11.jar;C:\Users\LENOVO\.m2\repository\com\fasterxml\jackson\datatype\jackson-datatype-jsr310\2.19.4\jackson-datatype-jsr310-2.19.4.jar;C:\Users\LENOVO\.m2\repository\io\micrometer\micrometer-observation\1.15.9\micrometer-observation-1.15.9.jar;C:\Users\LENOVO\.m2\repository\io\micrometer\micrometer-commons\1.15.9\micrometer-commons-1.15.9.jar;C:\Users\LENOVO\.m2\repository\io\micrometer\micrometer-jakarta9\1.15.9\micrometer-jakarta9-1.15.9.jar;C:\Users\LENOVO\.m2\repository\io\micrometer\micrometer-core\1.15.9\micrometer-core-1.15.9.jar;C:\Users\LENOVO\.m2\repository\org\hdrhistogram\HdrHistogram\2.2.2\HdrHistogram-2.2.2.jar;C:\Users\LENOVO\.m2\repository\org\latencyutils\LatencyUtils\2.0.3\LatencyUtils-2.0.3.jar;C:\Users\LENOVO\.m2\repository\org\springframework\cloud\spring-cloud-starter-gateway\4.3.3\spring-cloud-starter-gateway-4.3.3.jar;C:\Users\LENOVO\.m2\repository\org\springframework\cloud\spring-cloud-gateway-server\4.3.3\spring-cloud-gateway-server-4.3.3.jar;C:\Users\LENOVO\.m2\repository\org\apache\tomcat\embed\tomcat-embed-el\10.1.52\tomcat-embed-el-10.1.52.jar;C:\Users\LENOVO\.m2\repository\org\hibernate\validator\hibernate-validator\8.0.3.Final\hibernate-validator-8.0.3.Final.jar;C:\Users\LENOVO\.m2\repository\jakarta\validation\jakarta.validation-api\3.0.2\jakarta.validation-api-3.0.2.jar;C:\Users\LENOVO\.m2\repository\org\jboss\logging\jboss-logging\3.6.2.Final\jboss-logging-3.6.2.Final.jar;C:\Users\LENOVO\.m2\repository\com\fasterxml\classmate\1.7.3\classmate-1.7.3.jar;C:\Users\LENOVO\.m2\repository\io\projectreactor\addons\reactor-extra\3.5.4\reactor-extra-3.5.4.jar;C:\Users\LENOVO\.m2\repository\io\projectreactor\reactor-core\3.7.16\reactor-core-3.7.16.jar;C:\Users\LENOVO\.m2\repository\org\reactivestreams\reactive-streams\1.0.4\reactive-streams-1.0.4.jar;C:\Users\LENOVO\.m2\repository\com\fasterxml\jackson\datatype\jackson-datatype-jdk8\2.19.4\jackson-datatype-jdk8-2.19.4.jar;C:\Users\LENOVO\.m2\repository\com\fasterxml\jackson\module\jackson-module-parameter-names\2.19.4\jackson-module-parameter-names-2.19.4.jar;C:\Users\LENOVO\.m2\repository\io\projectreactor\netty\reactor-netty-http\1.2.15\reactor-netty-http-1.2.15.jar;C:\Users\LENOVO\.m2\repository\io\netty\netty-codec-http\4.1.131.Final\netty-codec-http-4.1.131.Final.jar;C:\Users\LENOVO\.m2\repository\io\netty\netty-common\4.1.131.Final\netty-common-4.1.131.Final.jar;C:\Users\LENOVO\.m2\repository\io\netty\netty-buffer\4.1.131.Final\netty-buffer-4.1.131.Final.jar;C:\Users\LENOVO\.m2\repository\io\netty\netty-transport\4.1.131.Final\netty-transport-4.1.131.Final.jar;C:\Users\LENOVO\.m2\repository\io\netty\netty-codec\4.1.131.Final\netty-codec-4.1.131.Final.jar;C:\Users\LENOVO\.m2\repository\io\netty\netty-handler\4.1.131.Final\netty-handler-4.1.131.Final.jar;C:\Users\LENOVO\.m2\repository\io\netty\netty-codec-http2\4.1.131.Final\netty-codec-http2-4.1.131.Final.jar;C:\Users\LENOVO\.m2\repository\io\netty\netty-resolver-dns\4.1.131.Final\netty-resolver-dns-4.1.131.Final.jar;C:\Users\LENOVO\.m2\repository\io\netty\netty-resolver\4.1.131.Final\netty-resolver-4.1.131.Final.jar;C:\Users\LENOVO\.m2\repository\io\netty\netty-codec-dns\4.1.131.Final\netty-codec-dns-4.1.131.Final.jar;C:\Users\LENOVO\.m2\repository\io\netty\netty-resolver-dns-native-macos\4.1.131.Final\netty-resolver-dns-native-macos-4.1.131.Final-osx-x86_64.jar;C:\Users\LENOVO\.m2\repository\io\netty\netty-resolver-dns-classes-macos\4.1.131.Final\netty-resolver-dns-classes-macos-4.1.131.Final.jar;C:\Users\LENOVO\.m2\repository\io\netty\netty-transport-native-epoll\4.1.131.Final\netty-transport-native-epoll-4.1.131.Final-linux-x86_64.jar;C:\Users\LENOVO\.m2\repository\io\netty\netty-transport-native-unix-common\4.1.131.Final\netty-transport-native-unix-common-4.1.131.Final.jar;C:\Users\LENOVO\.m2\repository\io\netty\netty-transport-classes-epoll\4.1.131.Final\netty-transport-classes-epoll-4.1.131.Final.jar;C:\Users\LENOVO\.m2\repository\io\projectreactor\netty\reactor-netty-core\1.2.15\reactor-netty-core-1.2.15.jar;C:\Users\LENOVO\.m2\repository\io\netty\netty-handler-proxy\4.1.131.Final\netty-handler-proxy-4.1.131.Final.jar;C:\Users\LENOVO\.m2\repository\io\netty\netty-codec-socks\4.1.131.Final\netty-codec-socks-4.1.131.Final.jar;C:\Users\LENOVO\.m2\repository\org\springframework\spring-webflux\6.2.16\spring-webflux-6.2.16.jar;C:\Users\LENOVO\.m2\repository\org\springframework\boot\spring-boot-properties-migrator\3.5.11\spring-boot-properties-migrator-3.5.11.jar;C:\Users\LENOVO\.m2\repository\org\springframework\boot\spring-boot-configuration-metadata\3.5.11\spring-boot-configuration-metadata-3.5.11.jar;C:\Users\LENOVO\.m2\repository\org\springframework\cloud\spring-cloud-starter-netflix-eureka-client\4.3.1\spring-cloud-starter-netflix-eureka-client-4.3.1.jar;C:\Users\LENOVO\.m2\repository\org\springframework\cloud\spring-cloud-netflix-eureka-client\4.3.1\spring-cloud-netflix-eureka-client-4.3.1.jar;C:\Users\LENOVO\.m2\repository\com\netflix\eureka\eureka-client\2.0.5\eureka-client-2.0.5.jar;C:\Users\LENOVO\.m2\repository\com\thoughtworks\xstream\xstream\1.4.21\xstream-1.4.21.jar;C:\Users\LENOVO\.m2\repository\io\github\x-stream\mxparser\1.2.2\mxparser-1.2.2.jar;C:\Users\LENOVO\.m2\repository\xmlpull\xmlpull\1.1.3.1\xmlpull-1.1.3.1.jar;C:\Users\LENOVO\.m2\repository\jakarta\ws\rs\jakarta.ws.rs-api\3.1.0\jakarta.ws.rs-api-3.1.0.jar;C:\Users\LENOVO\.m2\repository\jakarta\inject\jakarta.inject-api\2.0.1\jakarta.inject-api-2.0.1.jar;C:\Users\LENOVO\.m2\repository\com\netflix\spectator\spectator-api\1.7.3\spectator-api-1.7.3.jar;C:\Users\LENOVO\.m2\repository\org\slf4j\slf4j-api\2.0.17\slf4j-api-2.0.17.jar;C:\Users\LENOVO\.m2\repository\org\apache\httpcomponents\httpclient\4.5.3\httpclient-4.5.3.jar;C:\Users\LENOVO\.m2\repository\org\apache\httpcomponents\httpcore\4.4.16\httpcore-4.4.16.jar;C:\Users\LENOVO\.m2\repository\commons-codec\commons-codec\1.18.0\commons-codec-1.18.0.jar;C:\Users\LENOVO\.m2\repository\commons-configuration\commons-configuration\1.10\commons-configuration-1.10.jar;C:\Users\LENOVO\.m2\repository\commons-lang\commons-lang\2.6\commons-lang-2.6.jar;C:\Users\LENOVO\.m2\repository\com\netflix\netflix-commons\netflix-eventbus\0.3.0\netflix-eventbus-0.3.0.jar;C:\Users\LENOVO\.m2\repository\com\netflix\netflix-commons\netflix-infix\0.3.0\netflix-infix-0.3.0.jar;C:\Users\LENOVO\.m2\repository\commons-jxpath\commons-jxpath\1.3\commons-jxpath-1.3.jar;C:\Users\LENOVO\.m2\repository\joda-time\joda-time\2.3\joda-time-2.3.jar;C:\Users\LENOVO\.m2\repository\org\antlr\antlr-runtime\3.4\antlr-runtime-3.4.jar;C:\Users\LENOVO\.m2\repository\org\antlr\stringtemplate\3.2.1\stringtemplate-3.2.1.jar;C:\Users\LENOVO\.m2\repository\antlr\antlr\2.7.7\antlr-2.7.7.jar;C:\Users\LENOVO\.m2\repository\com\google\code\gson\gson\2.13.2\gson-2.13.2.jar;C:\Users\LENOVO\.m2\repository\com\google\errorprone\error_prone_annotations\2.41.0\error_prone_annotations-2.41.0.jar;C:\Users\LENOVO\.m2\repository\com\netflix\servo\servo-core\0.5.3\servo-core-0.5.3.jar;C:\Users\LENOVO\.m2\repository\org\apache\commons\commons-math\2.2\commons-math-2.2.jar;C:\Users\LENOVO\.m2\repository\javax\annotation\javax.annotation-api\1.2\javax.annotation-api-1.2.jar;C:\Users\LENOVO\.m2\repository\org\codehaus\jettison\jettison\1.5.4\jettison-1.5.4.jar;C:\Users\LENOVO\.m2\repository\org\springframework\cloud\spring-cloud-starter-loadbalancer\4.3.1\spring-cloud-starter-loadbalancer-4.3.1.jar;C:\Users\LENOVO\.m2\repository\org\springframework\cloud\spring-cloud-loadbalancer\4.3.1\spring-cloud-loadbalancer-4.3.1.jar;C:\Users\LENOVO\.m2\repository\org\springframework\spring-context-support\6.2.16\spring-context-support-6.2.16.jar;C:\Users\LENOVO\.m2\repository\com\stoyanr\evictor\1.0.0\evictor-1.0.0.jar;C:\Users\LENOVO\.m2\repository\com\vaadin\external\google\android-json\0.0.20131108.vaadin1\android-json-0.0.20131108.vaadin1.jar;C:\Users\LENOVO\.m2\repository\org\springframework\spring-core\6.2.16\spring-core-6.2.16.jar;C:\Users\LENOVO\.m2\repository\org\springframework\spring-jcl\6.2.16\spring-jcl-6.2.16.jar
Launcher Type: SUN_STANDARD

[Global flags]
     intx CICompilerCount                          = 4                                         {product} {ergonomic}
     uint ConcGCThreads                            = 2                                         {product} {ergonomic}
     uint G1ConcRefinementThreads                  = 8                                         {product} {ergonomic}
   size_t G1HeapRegionSize                         = 2097152                                   {product} {ergonomic}
    uintx GCDrainStackTargetSize                   = 64                                        {product} {ergonomic}
   size_t InitialHeapSize                          = 266338304                                 {product} {ergonomic}
   size_t MarkStackSize                            = 4194304                                   {product} {ergonomic}
   size_t MaxHeapSize                              = 4238344192                                {product} {ergonomic}
   size_t MaxNewSize                               = 2541748224                                {product} {ergonomic}
   size_t MinHeapDeltaBytes                        = 2097152                                   {product} {ergonomic}
   size_t MinHeapSize                              = 8388608                                   {product} {ergonomic}
    uintx NonProfiledCodeHeapSize                  = 0                                      {pd product} {ergonomic}
     bool ProfileInterpreter                       = false                                  {pd product} {command line}
    uintx ProfiledCodeHeapSize                     = 0                                      {pd product} {ergonomic}
   size_t SoftMaxHeapSize                          = 4238344192                             {manageable} {ergonomic}
     intx TieredStopAtLevel                        = 1                                         {product} {command line}
     bool UseCompressedClassPointers               = true                           {product lp64_product} {ergonomic}
     bool UseCompressedOops                        = true                           {product lp64_product} {ergonomic}
     bool UseG1GC                                  = true                                      {product} {ergonomic}
     bool UseLargePagesIndividualAllocation        = false                                  {pd product} {ergonomic}

Logging:
Log output configuration:
 #0: stdout all=warning uptime,level,tags foldmultilines=false
 #1: stderr all=off uptime,level,tags foldmultilines=false

Environment Variables:
JAVA_HOME=C:\Program Files\Java\jdk-20
PATH=C:\Users\LENOVO\Downloads\apache-maven-3.9.14-bin\apache-maven-3.9.14\bin;C:\Program Files\MongoDB\Server\8.2\bin;C:\Program Files\Eclipse Adoptium\jdk-17.0.17.10-hotspot\bin;C:\oraclexe\app\oracle\product\11.2.0\server\bin;C:\xampp\php;C:\Program Files\MySQL\MySQL Server 8.0\bin;C:\Python 3.12\Python 3.12.exe;C:\Users\LENOVO\AppData\Local\Programs\Python\Python312\python.exe;C:\Users\LENOVO\Downloads\flutter_windows_3.16.0-stable\flutter\bin;C:\ProgramData\Oracle\Java\javapath;C:\Program Files\Java\jdk-21.0.1\bin;C:\Program Files\Common Files\Oracle\Java\javapath;C:\Program Files\Java\jdk-20\bin;C:\Users\LENOVO\Downloads\sqldeveloper-23.1.0.097.1607-x64\sqldeveloper\sqldeveloper\bin;C:\Users\LENOVO\Downloads\msys2-x86_64-20230318.exe;C:\WINDOWS\system32;C:\WINDOWS;C:\WINDOWS\System32\Wbem;C:\WINDOWS\System32\WindowsPowerShell\v1.0\;C:\WINDOWS\System32\OpenSSH\;C:\Program Files\Git\cmd;C:\Program Files\Git\bin;C:\Program Files\dotnet\;C:\Users\LENOVO\AppData\Local\Android\Sdk\platform-tools;C:\Users\LENOVO\AppData\Local\Android\Sdk\emulator;C:\Users\LENOVO\Downloads\php-8.3.11-nts-Win32-vs16-x64;C:\ProgramData\ComposerSetup\bin;C:\Program Files\nodejs\;C:\Program Files\Microsoft SQL Server\150\Tools\Binn\;C:\Program Files\Docker\Docker\resources\bin;C:\Program Files\Vagrant\bin;C:\Program Files\Cloudflare\Cloudflare WARP\;C:\Users\LENOVO\scoop\shims;C:\Program Files\MySQL\MySQL Shell 8.0\bin\;C:\Users\LENOVO\AppData\Local\Programs\Python\Launcher\;C:\Python27\python.exe;C:\Users\LENOVO\AppData\Local\Programs\Python\Python311;C:\Users\LENOVO\AppData\Local\Programs\Python\Python311\Scripts\;C:\Python27;C:\Users\LENOVO\AppData\Local\Microsoft\WindowsApps;C:\Program Files\JetBrains\PyCharm Community Edition 2023.1\bin;;C:\Users\LENOVO\AppData\Local\GitHubDesktop\bin;C:\Users\LENOVO\.dotnet\tools;C:\Program Files (x86)\Nmap;C:\Users\LENOVO\AppData\Local\Programs\MiKTeX\miktex\bin\x64\;C:\Users\LENOVO\AppData\Roaming\Composer\vendor\bin;C:\xampp\php;C:\Program Files\JetBrains\IntelliJ IDEA 2024.2.1\bin;;C:\Flex Windows\gcc\bin;C:\Flex Windows\Lex\bin;C:\Flex Windows\bison\bin;C:\Users\LENOVO\AppData\Local\Muse Hub\lib;C:\Users\LENOVO\AppData\Local\Programs\Microsoft VS Code\bin;C:\Users\LENOVO\AppData\Local\Programs\cursor\resources\app\bin;C:\Users\LENOVO\AppData\Roaming\npm;C:\Users\LENOVO\AppData\Local\Programs\Antigravity\bin;
USERNAME=LENOVO
OS=Windows_NT
PROCESSOR_IDENTIFIER=Intel64 Family 6 Model 140 Stepping 2, GenuineIntel
TMP=C:\Users\LENOVO\AppData\Local\Temp
TEMP=C:\Users\LENOVO\AppData\Local\Temp




---------------  S Y S T E M  ---------------

OS:
 Windows 11 , 64 bit Build 26100 (10.0.26100.8246)
OS uptime: 0 days 1:48 hours
Hyper-V role detected

CPU: total 8 (initial active 8) (4 cores per cpu, 2 threads per core) family 6 model 140 stepping 2 microcode 0x26, cx8, cmov, fxsr, ht, mmx, 3dnowpref, sse, sse2, sse3, ssse3, sse4.1, sse4.2, popcnt, lzcnt, tsc, tscinvbit, avx, avx2, aes, erms, clmul, bmi1, bmi2, adx, avx512f, avx512dq, avx512cd, avx512bw, avx512vl, sha, fma, vzeroupper, avx512_vpopcntdq, avx512_vpclmulqdq, avx512_vaes, avx512_vnni, clflush, clflushopt, clwb, avx512_vbmi2, avx512_vbmi, hv, rdtscp, rdpid, fsrm, gfni, avx512_bitalg, f16c, cet_ibt, cet_ss, avx512_ifma

Memory: 4k page, system-wide physical 16167M (2246M free)
TotalPageFile size 21167M (AvailPageFile size 95M)
current process WorkingSet (physical memory assigned to process): 194M, peak: 194M
current process commit charge ("private bytes"): 240M, peak: 375M

vm_info: Java HotSpot(TM) 64-Bit Server VM (20.0.2+9-78) for windows-amd64 JRE (20.0.2+9-78), built on 2023-06-14T10:08:48Z by "mach5one" with MS VC++ 17.1 (VS2022)

END.
