#
# There is insufficient memory for the Java Runtime Environment to continue.
# Native memory allocation (mmap) failed to map 1048576 bytes. Error detail: G1 virtual space
# Possible reasons:
#   The system is out of physical RAM or swap space
#   This process is running with CompressedOops enabled, and the Java Heap may be blocking the growth of the native heap
# Possible solutions:
#   Reduce memory load on the system
#   Increase physical memory or swap space
#   Check if swap backing store is full
#   Decrease Java heap size (-Xmx/-Xms)
#   Decrease number of Java threads
#   Decrease Java thread stack sizes (-Xss)
#   Set larger code cache with -XX:ReservedCodeCacheSize=
#   JVM is running with Unscaled Compressed Oops mode in which the Java heap is
#     placed in the first 4GB address space. The Java Heap base address is the
#     maximum limit for the native heap growth. Please use -XX:HeapBaseMinAddress
#     to set the Java Heap base and to place the Java Heap above 4GB virtual address.
# This output file may be truncated or incomplete.
#
#  Out of Memory Error (os_windows.cpp:3690), pid=11196, tid=7980
#
# JRE version: OpenJDK Runtime Environment Microsoft-13106358 (17.0.18+8) (build 17.0.18+8-LTS)
# Java VM: OpenJDK 64-Bit Server VM Microsoft-13106358 (17.0.18+8-LTS, mixed mode, emulated-client, sharing, tiered, compressed oops, compressed class ptrs, g1 gc, windows-amd64)
# No core dump will be written. Minidumps are not enabled by default on client versions of Windows
#

---------------  S U M M A R Y ------------

Command Line: -XX:TieredStopAtLevel=1 com.neuroguard.medicalhistoryservice.MedicalHistoryServiceApplication

Host: Intel(R) Core(TM) i3-10110U CPU @ 2.10GHz, 4 cores, 7G,  Windows 11 , 64 bit Build 22621 (10.0.22621.5415)
Time: Tue Apr 14 17:25:39 2026 W. Central Africa Standard Time elapsed time: 27.533938 seconds (0d 0h 0m 27s)

---------------  T H R E A D  ---------------

Current thread (0x0000021bf37db960):  GCTaskThread "GC Thread#1" [stack: 0x00000058fdc00000,0x00000058fdd00000] [id=7980]

Stack: [0x00000058fdc00000,0x00000058fdd00000]
Native frames: (J=compiled Java code, j=interpreted, Vv=VM code, C=native code)
V  [jvm.dll+0x68c879]  (no source info available)
V  [jvm.dll+0x845979]  (no source info available)
V  [jvm.dll+0x8476e8]  (no source info available)
V  [jvm.dll+0x847d73]  (no source info available)
V  [jvm.dll+0x24cf6f]  (no source info available)
V  [jvm.dll+0x68bc79]  (no source info available)
V  [jvm.dll+0x68023a]  (no source info available)
V  [jvm.dll+0x3101a0]  (no source info available)
V  [jvm.dll+0x310042]  (no source info available)
V  [jvm.dll+0x317599]  (no source info available)
V  [jvm.dll+0x369679]  (no source info available)
V  [jvm.dll+0x369cb1]  (no source info available)
V  [jvm.dll+0x369d6f]  (no source info available)
V  [jvm.dll+0x2e8418]  (no source info available)
V  [jvm.dll+0x2e8175]  (no source info available)
V  [jvm.dll+0x2d5f7b]  (no source info available)
V  [jvm.dll+0x2d6d69]  (no source info available)
V  [jvm.dll+0x2d70f4]  (no source info available)
V  [jvm.dll+0x2d6c5e]  (no source info available)
V  [jvm.dll+0x311aa6]  (no source info available)
V  [jvm.dll+0x311dcd]  (no source info available)
V  [jvm.dll+0x312c30]  (no source info available)
V  [jvm.dll+0x30fabe]  (no source info available)
V  [jvm.dll+0x31e1a6]  (no source info available)
V  [jvm.dll+0x320268]  (no source info available)
V  [jvm.dll+0x31e7ed]  (no source info available)
V  [jvm.dll+0x31fe05]  (no source info available)
V  [jvm.dll+0x2e9e93]  (no source info available)
V  [jvm.dll+0x2ebafe]  (no source info available)
V  [jvm.dll+0x873838]  (no source info available)
V  [jvm.dll+0x873886]  (no source info available)
V  [jvm.dll+0x7f5ebc]  (no source info available)
V  [jvm.dll+0x68de17]  (no source info available)
C  [ucrtbase.dll+0x29333]  (no source info available)
C  [KERNEL32.DLL+0x1259d]  (no source info available)
C  [ntdll.dll+0x5af78]  (no source info available)


---------------  P R O C E S S  ---------------

Threads class SMR info:
_java_thread_list=0x0000021bf6456ab0, length=25, elements={
0x0000021bdd203950, 0x0000021beeb9a9c0, 0x0000021beeb9b840, 0x0000021beebb3b40,
0x0000021beebb5710, 0x0000021beebb80e0, 0x0000021beebb8aa0, 0x0000021beebb9510,
0x0000021beebe2a90, 0x0000021bf3186e80, 0x0000021bf31897c0, 0x0000021bf3bf67f0,
0x0000021bf3bf6cd0, 0x0000021bf317c300, 0x0000021bf48a4450, 0x0000021bf314f8b0,
0x0000021bf314fd90, 0x0000021bf48a7160, 0x0000021bf3a584d0, 0x0000021bf3a57ab0,
0x0000021bf3a57fc0, 0x0000021bf3a575a0, 0x0000021bf64a6fd0, 0x0000021bf64a79f0,
0x0000021bf64a65b0
}

Java Threads: ( => current thread )
  0x0000021bdd203950 JavaThread "main" [_thread_blocked, id=16908, stack(0x00000058fc900000,0x00000058fca00000)]
  0x0000021beeb9a9c0 JavaThread "Reference Handler" daemon [_thread_blocked, id=22376, stack(0x00000058fd000000,0x00000058fd100000)]
  0x0000021beeb9b840 JavaThread "Finalizer" daemon [_thread_blocked, id=16496, stack(0x00000058fd100000,0x00000058fd200000)]
  0x0000021beebb3b40 JavaThread "Signal Dispatcher" daemon [_thread_blocked, id=14796, stack(0x00000058fd200000,0x00000058fd300000)]
  0x0000021beebb5710 JavaThread "Attach Listener" daemon [_thread_blocked, id=13324, stack(0x00000058fd300000,0x00000058fd400000)]
  0x0000021beebb80e0 JavaThread "Service Thread" daemon [_thread_blocked, id=12440, stack(0x00000058fd400000,0x00000058fd500000)]
  0x0000021beebb8aa0 JavaThread "Monitor Deflation Thread" daemon [_thread_blocked, id=11096, stack(0x00000058fd500000,0x00000058fd600000)]
  0x0000021beebb9510 JavaThread "C1 CompilerThread0" daemon [_thread_blocked, id=11088, stack(0x00000058fd600000,0x00000058fd700000)]
  0x0000021beebe2a90 JavaThread "Sweeper thread" daemon [_thread_blocked, id=16904, stack(0x00000058fd700000,0x00000058fd800000)]
  0x0000021bf3186e80 JavaThread "Notification Thread" daemon [_thread_blocked, id=18672, stack(0x00000058fd900000,0x00000058fda00000)]
  0x0000021bf31897c0 JavaThread "Common-Cleaner" daemon [_thread_blocked, id=7188, stack(0x00000058fdb00000,0x00000058fdc00000)]
  0x0000021bf3bf67f0 JavaThread "Thread-0" [_thread_blocked, id=20724, stack(0x00000058fdf00000,0x00000058fe000000)]
  0x0000021bf3bf6cd0 JavaThread "restartedMain" [_thread_blocked, id=21776, stack(0x00000058fe000000,0x00000058fe100000)]
  0x0000021bf317c300 JavaThread "C1 CompilerThread1" daemon [_thread_blocked, id=13388, stack(0x00000058fd800000,0x00000058fd900000)]
  0x0000021bf48a4450 JavaThread "Catalina-utility-1" [_thread_blocked, id=15604, stack(0x00000058fe300000,0x00000058fe400000)]
  0x0000021bf314f8b0 JavaThread "Catalina-utility-2" [_thread_blocked, id=19916, stack(0x00000058fe400000,0x00000058fe500000)]
  0x0000021bf314fd90 JavaThread "container-0" [_thread_blocked, id=16752, stack(0x00000058fe500000,0x00000058fe600000)]
  0x0000021bf48a7160 JavaThread "mysql-cj-abandoned-connection-cleanup" daemon [_thread_blocked, id=124, stack(0x00000058fe600000,0x00000058fe700000)]
  0x0000021bf3a584d0 JavaThread "HikariPool-1:housekeeper" daemon [_thread_blocked, id=14684, stack(0x00000058fe700000,0x00000058fe800000)]
  0x0000021bf3a57ab0 JavaThread "Live Reload Server" daemon [_thread_in_native, id=16408, stack(0x00000058fea00000,0x00000058feb00000)]
  0x0000021bf3a57fc0 JavaThread "spring.cloud.inetutils" daemon [_thread_blocked, id=12436, stack(0x00000058fe900000,0x00000058fea00000)]
  0x0000021bf3a575a0 JavaThread "reactor-http-nio-1" daemon [_thread_in_native, id=19908, stack(0x00000058fe800000,0x00000058fe900000)]
  0x0000021bf64a6fd0 JavaThread "reactor-http-nio-2" daemon [_thread_in_native, id=10800, stack(0x00000058feb00000,0x00000058fec00000)]
  0x0000021bf64a79f0 JavaThread "reactor-http-nio-3" daemon [_thread_in_native, id=13328, stack(0x00000058fec00000,0x00000058fed00000)]
  0x0000021bf64a65b0 JavaThread "reactor-http-nio-4" daemon [_thread_in_native, id=11880, stack(0x00000058fed00000,0x00000058fee00000)]

Other Threads:
  0x0000021beeb97320 VMThread "VM Thread" [stack: 0x00000058fcf00000,0x00000058fd000000] [id=11768]
  0x0000021bf3189370 WatcherThread [stack: 0x00000058fda00000,0x00000058fdb00000] [id=17896]
  0x0000021bdd264f70 GCTaskThread "GC Thread#0" [stack: 0x00000058fca00000,0x00000058fcb00000] [id=9948]
=>0x0000021bf37db960 GCTaskThread "GC Thread#1" [stack: 0x00000058fdc00000,0x00000058fdd00000] [id=7980]
  0x0000021bf37dbc30 GCTaskThread "GC Thread#2" [stack: 0x00000058fdd00000,0x00000058fde00000] [id=14616]
  0x0000021bf3b0fc10 GCTaskThread "GC Thread#3" [stack: 0x00000058fde00000,0x00000058fdf00000] [id=14436]
  0x0000021bdd2759d0 ConcurrentGCThread "G1 Main Marker" [stack: 0x00000058fcb00000,0x00000058fcc00000] [id=17800]
  0x0000021bdd2763f0 ConcurrentGCThread "G1 Conc#0" [stack: 0x00000058fcc00000,0x00000058fcd00000] [id=10060]
  0x0000021bdd29e1a0 ConcurrentGCThread "G1 Refine#0" [stack: 0x00000058fcd00000,0x00000058fce00000] [id=15132]
  0x0000021bf3f0d570 ConcurrentGCThread "G1 Refine#1" [stack: 0x00000058fe200000,0x00000058fe300000] [id=15544]
  0x0000021bdd29ebe0 ConcurrentGCThread "G1 Service" [stack: 0x00000058fce00000,0x00000058fcf00000] [id=13408]

Threads with active compile tasks:

VM state: at safepoint (normal execution)

VM Mutex/Monitor currently owned by a thread:  ([mutex/lock_event])
[0x0000021bdafa8530] FreeList_lock - owner thread: 0x0000021bf37db960
[0x0000021bdd1ff110] Threads_lock - owner thread: 0x0000021beeb97320
[0x0000021bdd1fed20] Heap_lock - owner thread: 0x0000021bf3bf6cd0

Heap address: 0x0000000082800000, size: 2008 MB, Compressed Oops mode: 32-bit

CDS archive(s) mapped at: [0x0000021b80000000-0x0000021b80bb0000-0x0000021b80bb0000), size 12255232, SharedBaseAddress: 0x0000021b80000000, ArchiveRelocationMode: 1.
Compressed class space mapped at: 0x0000021b81000000-0x0000021bc1000000, reserved size: 1073741824
Narrow klass base: 0x0000021b80000000, Narrow klass shift: 0, Narrow klass range: 0x100000000

GC Precious Log:
 CPUs: 4 total, 4 available
 Memory: 8025M
 Large Page Support: Disabled
 NUMA Support: Disabled
 Compressed Oops: Enabled (32-bit)
 Heap Region Size: 1M
 Heap Min Capacity: 8M
 Heap Initial Capacity: 126M
 Heap Max Capacity: 2008M
 Pre-touch: Disabled
 Parallel Workers: 4
 Concurrent Workers: 1
 Concurrent Refinement Workers: 4
 Periodic GC: Disabled

Heap:
 garbage-first heap   total 208896K, used 185821K [0x0000000082800000, 0x0000000100000000)
  region size 1024K, 141 young (144384K), 16 survivors (16384K)
 Metaspace       used 84703K, committed 85440K, reserved 1179648K
  class space    used 12383K, committed 12736K, reserved 1048576K

Heap Regions: E=young(eden), S=young(survivor), O=old, HS=humongous(starts), HC=humongous(continues), CS=collection set, F=free, OA=open archive, CA=closed archive, TAMS=top-at-mark-start (previous, next)
|   0|0x0000000082800000, 0x0000000082900000, 0x0000000082900000|100%|HS|  |TAMS 0x0000000082900000, 0x0000000082800000| Complete 
|   1|0x0000000082900000, 0x0000000082a00000, 0x0000000082a00000|100%|HS|  |TAMS 0x0000000082a00000, 0x0000000082900000| Complete 
|   2|0x0000000082a00000, 0x0000000082b00000, 0x0000000082b00000|100%|HS|  |TAMS 0x0000000082b00000, 0x0000000082a00000| Complete 
|   3|0x0000000082b00000, 0x0000000082c00000, 0x0000000082c00000|100%| O|  |TAMS 0x0000000082c00000, 0x0000000082b00000| Untracked 
|   4|0x0000000082c00000, 0x0000000082d00000, 0x0000000082d00000|100%| O|  |TAMS 0x0000000082d00000, 0x0000000082c00000| Untracked 
|   5|0x0000000082d00000, 0x0000000082e00000, 0x0000000082e00000|100%| O|  |TAMS 0x0000000082e00000, 0x0000000082d00000| Untracked 
|   6|0x0000000082e00000, 0x0000000082f00000, 0x0000000082f00000|100%| O|  |TAMS 0x0000000082f00000, 0x0000000082e00000| Untracked 
|   7|0x0000000082f00000, 0x0000000083000000, 0x0000000083000000|100%| O|  |TAMS 0x0000000083000000, 0x0000000082f00000| Untracked 
|   8|0x0000000083000000, 0x0000000083100000, 0x0000000083100000|100%| O|  |TAMS 0x0000000083100000, 0x0000000083000000| Untracked 
|   9|0x0000000083100000, 0x0000000083200000, 0x0000000083200000|100%| O|  |TAMS 0x0000000083200000, 0x0000000083100000| Untracked 
|  10|0x0000000083200000, 0x0000000083300000, 0x0000000083300000|100%| O|  |TAMS 0x0000000083300000, 0x0000000083200000| Untracked 
|  11|0x0000000083300000, 0x0000000083400000, 0x0000000083400000|100%| O|  |TAMS 0x0000000083400000, 0x0000000083300000| Untracked 
|  12|0x0000000083400000, 0x0000000083500000, 0x0000000083500000|100%| O|  |TAMS 0x0000000083500000, 0x0000000083400000| Untracked 
|  13|0x0000000083500000, 0x0000000083600000, 0x0000000083600000|100%| O|  |TAMS 0x0000000083600000, 0x0000000083500000| Untracked 
|  14|0x0000000083600000, 0x0000000083700000, 0x0000000083700000|100%| O|  |TAMS 0x0000000083700000, 0x0000000083600000| Untracked 
|  15|0x0000000083700000, 0x0000000083800000, 0x0000000083800000|100%| O|  |TAMS 0x0000000083800000, 0x0000000083700000| Untracked 
|  16|0x0000000083800000, 0x0000000083900000, 0x0000000083900000|100%| O|  |TAMS 0x0000000083900000, 0x0000000083800000| Untracked 
|  17|0x0000000083900000, 0x0000000083a00000, 0x0000000083a00000|100%| O|  |TAMS 0x0000000083a00000, 0x0000000083900000| Untracked 
|  18|0x0000000083a00000, 0x0000000083b00000, 0x0000000083b00000|100%| O|  |TAMS 0x0000000083b00000, 0x0000000083a00000| Untracked 
|  19|0x0000000083b00000, 0x0000000083c00000, 0x0000000083c00000|100%| O|  |TAMS 0x0000000083c00000, 0x0000000083b00000| Untracked 
|  20|0x0000000083c00000, 0x0000000083d00000, 0x0000000083d00000|100%| O|  |TAMS 0x0000000083d00000, 0x0000000083c00000| Untracked 
|  21|0x0000000083d00000, 0x0000000083e00000, 0x0000000083e00000|100%| O|  |TAMS 0x0000000083e00000, 0x0000000083d00000| Untracked 
|  22|0x0000000083e00000, 0x0000000083f00000, 0x0000000083f00000|100%| O|  |TAMS 0x0000000083f00000, 0x0000000083e00000| Untracked 
|  23|0x0000000083f00000, 0x0000000084000000, 0x0000000084000000|100%|HS|  |TAMS 0x0000000083f00000, 0x0000000083f00000| Complete 
|  24|0x0000000084000000, 0x0000000084100000, 0x0000000084100000|100%| O|  |TAMS 0x0000000084100000, 0x0000000084000000| Untracked 
|  25|0x0000000084100000, 0x0000000084200000, 0x0000000084200000|100%| O|  |TAMS 0x0000000084200000, 0x0000000084100000| Untracked 
|  26|0x0000000084200000, 0x0000000084300000, 0x0000000084300000|100%| O|  |TAMS 0x0000000084300000, 0x0000000084200000| Untracked 
|  27|0x0000000084300000, 0x0000000084400000, 0x0000000084400000|100%| O|  |TAMS 0x0000000084400000, 0x0000000084300000| Untracked 
|  28|0x0000000084400000, 0x0000000084500000, 0x0000000084500000|100%| O|  |TAMS 0x0000000084500000, 0x0000000084400000| Complete 
|  29|0x0000000084500000, 0x0000000084600000, 0x0000000084600000|100%| O|  |TAMS 0x0000000084600000, 0x0000000084500000| Untracked 
|  30|0x0000000084600000, 0x0000000084700000, 0x0000000084700000|100%| O|  |TAMS 0x0000000084700000, 0x0000000084600000| Untracked 
|  31|0x0000000084700000, 0x0000000084800000, 0x0000000084800000|100%| O|  |TAMS 0x0000000084800000, 0x0000000084700000| Untracked 
|  32|0x0000000084800000, 0x0000000084900000, 0x0000000084900000|100%| O|  |TAMS 0x0000000084900000, 0x0000000084800000| Untracked 
|  33|0x0000000084900000, 0x0000000084a00000, 0x0000000084a00000|100%| O|  |TAMS 0x0000000084a00000, 0x0000000084900000| Untracked 
|  34|0x0000000084a00000, 0x0000000084b00000, 0x0000000084b00000|100%| O|  |TAMS 0x0000000084b00000, 0x0000000084a00000| Untracked 
|  35|0x0000000084b00000, 0x0000000084c00000, 0x0000000084c00000|100%| O|  |TAMS 0x0000000084c00000, 0x0000000084b00000| Untracked 
|  36|0x0000000084c00000, 0x0000000084d00000, 0x0000000084d00000|100%| O|  |TAMS 0x0000000084d00000, 0x0000000084c00000| Untracked 
|  37|0x0000000084d00000, 0x0000000084e00000, 0x0000000084e00000|100%| O|  |TAMS 0x0000000084e00000, 0x0000000084d00000| Untracked 
|  38|0x0000000084e00000, 0x0000000084f00000, 0x0000000084f00000|100%| O|  |TAMS 0x0000000084f00000, 0x0000000084e00000| Untracked 
|  39|0x0000000084f00000, 0x0000000085000000, 0x0000000085000000|100%| O|  |TAMS 0x0000000085000000, 0x0000000084f00000| Untracked 
|  40|0x0000000085000000, 0x0000000085100000, 0x0000000085100000|100%| O|  |TAMS 0x0000000085100000, 0x0000000085000000| Untracked 
|  41|0x0000000085100000, 0x0000000085200000, 0x0000000085200000|100%| O|  |TAMS 0x0000000085200000, 0x0000000085100000| Untracked 
|  42|0x0000000085200000, 0x0000000085300000, 0x0000000085300000|100%| O|  |TAMS 0x0000000085300000, 0x0000000085200000| Untracked 
|  43|0x0000000085300000, 0x0000000085400000, 0x0000000085400000|100%| O|  |TAMS 0x0000000085400000, 0x0000000085300000| Untracked 
|  44|0x0000000085400000, 0x0000000085500000, 0x0000000085500000|100%| O|  |TAMS 0x0000000085500000, 0x0000000085400000| Untracked 
|  45|0x0000000085500000, 0x0000000085600000, 0x0000000085600000|100%| O|  |TAMS 0x0000000085600000, 0x0000000085500000| Untracked 
|  46|0x0000000085600000, 0x0000000085700000, 0x0000000085700000|100%| O|  |TAMS 0x0000000085700000, 0x0000000085600000| Untracked 
|  47|0x0000000085700000, 0x0000000085800000, 0x0000000085800000|100%| O|  |TAMS 0x0000000085800000, 0x0000000085700000| Untracked 
|  48|0x0000000085800000, 0x0000000085900000, 0x0000000085900000|100%| O|  |TAMS 0x0000000085900000, 0x0000000085800000| Untracked 
|  49|0x0000000085900000, 0x0000000085a00000, 0x0000000085a00000|100%| O|  |TAMS 0x0000000085a00000, 0x0000000085900000| Untracked 
|  50|0x0000000085a00000, 0x0000000085b00000, 0x0000000085b00000|100%| O|  |TAMS 0x0000000085b00000, 0x0000000085a00000| Untracked 
|  51|0x0000000085b00000, 0x0000000085c00000, 0x0000000085c00000|100%| O|  |TAMS 0x0000000085c00000, 0x0000000085b00000| Untracked 
|  52|0x0000000085c00000, 0x0000000085d00000, 0x0000000085d00000|100%| O|  |TAMS 0x0000000085d00000, 0x0000000085c00000| Untracked 
|  53|0x0000000085d00000, 0x0000000085e00000, 0x0000000085e00000|100%| O|  |TAMS 0x0000000085e00000, 0x0000000085d00000| Untracked 
|  54|0x0000000085e00000, 0x0000000085eef000, 0x0000000085f00000| 93%| O|  |TAMS 0x0000000085eef000, 0x0000000085e00000| Untracked 
|  55|0x0000000085f00000, 0x0000000086000000, 0x0000000086000000|100%| S|  |TAMS 0x0000000085f00000, 0x0000000085f00000| Complete 
|  56|0x0000000086000000, 0x0000000086100000, 0x0000000086100000|100%| S|  |TAMS 0x0000000086000000, 0x0000000086000000| Complete 
|  57|0x0000000086100000, 0x0000000086200000, 0x0000000086200000|100%| S|  |TAMS 0x0000000086100000, 0x0000000086100000| Complete 
|  58|0x0000000086200000, 0x0000000086300000, 0x0000000086300000|100%| S|  |TAMS 0x0000000086200000, 0x0000000086200000| Complete 
|  59|0x0000000086300000, 0x0000000086400000, 0x0000000086400000|100%| S|  |TAMS 0x0000000086300000, 0x0000000086300000| Complete 
|  60|0x0000000086400000, 0x0000000086500000, 0x0000000086500000|100%| S|  |TAMS 0x0000000086400000, 0x0000000086400000| Complete 
|  61|0x0000000086500000, 0x0000000086600000, 0x0000000086600000|100%| S|  |TAMS 0x0000000086500000, 0x0000000086500000| Complete 
|  62|0x0000000086600000, 0x0000000086700000, 0x0000000086700000|100%| S|  |TAMS 0x0000000086600000, 0x0000000086600000| Complete 
|  63|0x0000000086700000, 0x0000000086800000, 0x0000000086800000|100%| S|  |TAMS 0x0000000086700000, 0x0000000086700000| Complete 
|  64|0x0000000086800000, 0x0000000086900000, 0x0000000086900000|100%| S|  |TAMS 0x0000000086800000, 0x0000000086800000| Complete 
|  65|0x0000000086900000, 0x0000000086a00000, 0x0000000086a00000|100%| S|  |TAMS 0x0000000086900000, 0x0000000086900000| Complete 
|  66|0x0000000086a00000, 0x0000000086b00000, 0x0000000086b00000|100%| S|  |TAMS 0x0000000086a00000, 0x0000000086a00000| Complete 
|  67|0x0000000086b00000, 0x0000000086c00000, 0x0000000086c00000|100%| S|  |TAMS 0x0000000086b00000, 0x0000000086b00000| Complete 
|  68|0x0000000086c00000, 0x0000000086d00000, 0x0000000086d00000|100%| S|  |TAMS 0x0000000086c00000, 0x0000000086c00000| Complete 
|  69|0x0000000086d00000, 0x0000000086d88728, 0x0000000086e00000| 53%| E|CS|TAMS 0x0000000086d00000, 0x0000000086d00000| Complete 
|  70|0x0000000086e00000, 0x0000000086f00000, 0x0000000086f00000|100%| E|CS|TAMS 0x0000000086e00000, 0x0000000086e00000| Complete 
|  71|0x0000000086f00000, 0x0000000087000000, 0x0000000087000000|100%| S|  |TAMS 0x0000000086f00000, 0x0000000086f00000| Complete 
|  72|0x0000000087000000, 0x0000000087100000, 0x0000000087100000|100%| E|CS|TAMS 0x0000000087000000, 0x0000000087000000| Complete 
|  73|0x0000000087100000, 0x0000000087200000, 0x0000000087200000|100%| E|CS|TAMS 0x0000000087100000, 0x0000000087100000| Complete 
|  74|0x0000000087200000, 0x0000000087300000, 0x0000000087300000|100%| E|CS|TAMS 0x0000000087200000, 0x0000000087200000| Complete 
|  75|0x0000000087300000, 0x0000000087400000, 0x0000000087400000|100%| E|CS|TAMS 0x0000000087300000, 0x0000000087300000| Complete 
|  76|0x0000000087400000, 0x0000000087500000, 0x0000000087500000|100%| E|CS|TAMS 0x0000000087400000, 0x0000000087400000| Complete 
|  77|0x0000000087500000, 0x0000000087600000, 0x0000000087600000|100%| E|CS|TAMS 0x0000000087500000, 0x0000000087500000| Complete 
|  78|0x0000000087600000, 0x0000000087700000, 0x0000000087700000|100%| E|CS|TAMS 0x0000000087600000, 0x0000000087600000| Complete 
|  79|0x0000000087700000, 0x0000000087800000, 0x0000000087800000|100%| E|CS|TAMS 0x0000000087700000, 0x0000000087700000| Complete 
|  80|0x0000000087800000, 0x0000000087900000, 0x0000000087900000|100%| E|CS|TAMS 0x0000000087800000, 0x0000000087800000| Complete 
|  81|0x0000000087900000, 0x0000000087a00000, 0x0000000087a00000|100%| E|CS|TAMS 0x0000000087900000, 0x0000000087900000| Complete 
|  82|0x0000000087a00000, 0x0000000087b00000, 0x0000000087b00000|100%| E|CS|TAMS 0x0000000087a00000, 0x0000000087a00000| Complete 
|  83|0x0000000087b00000, 0x0000000087c00000, 0x0000000087c00000|100%| E|CS|TAMS 0x0000000087b00000, 0x0000000087b00000| Complete 
|  84|0x0000000087c00000, 0x0000000087d00000, 0x0000000087d00000|100%| E|CS|TAMS 0x0000000087c00000, 0x0000000087c00000| Complete 
|  85|0x0000000087d00000, 0x0000000087e00000, 0x0000000087e00000|100%| E|CS|TAMS 0x0000000087d00000, 0x0000000087d00000| Complete 
|  86|0x0000000087e00000, 0x0000000087f00000, 0x0000000087f00000|100%| E|CS|TAMS 0x0000000087e00000, 0x0000000087e00000| Complete 
|  87|0x0000000087f00000, 0x0000000088000000, 0x0000000088000000|100%| E|CS|TAMS 0x0000000087f00000, 0x0000000087f00000| Complete 
|  88|0x0000000088000000, 0x0000000088100000, 0x0000000088100000|100%| E|CS|TAMS 0x0000000088000000, 0x0000000088000000| Complete 
|  89|0x0000000088100000, 0x0000000088200000, 0x0000000088200000|100%| E|CS|TAMS 0x0000000088100000, 0x0000000088100000| Complete 
|  90|0x0000000088200000, 0x0000000088300000, 0x0000000088300000|100%| E|CS|TAMS 0x0000000088200000, 0x0000000088200000| Complete 
|  91|0x0000000088300000, 0x0000000088400000, 0x0000000088400000|100%| E|CS|TAMS 0x0000000088300000, 0x0000000088300000| Complete 
|  92|0x0000000088400000, 0x0000000088500000, 0x0000000088500000|100%| E|CS|TAMS 0x0000000088400000, 0x0000000088400000| Complete 
|  93|0x0000000088500000, 0x0000000088600000, 0x0000000088600000|100%| E|CS|TAMS 0x0000000088500000, 0x0000000088500000| Complete 
|  94|0x0000000088600000, 0x0000000088700000, 0x0000000088700000|100%| E|CS|TAMS 0x0000000088600000, 0x0000000088600000| Complete 
|  95|0x0000000088700000, 0x0000000088800000, 0x0000000088800000|100%| E|CS|TAMS 0x0000000088700000, 0x0000000088700000| Complete 
|  96|0x0000000088800000, 0x0000000088900000, 0x0000000088900000|100%| E|CS|TAMS 0x0000000088800000, 0x0000000088800000| Complete 
|  97|0x0000000088900000, 0x0000000088a00000, 0x0000000088a00000|100%| E|CS|TAMS 0x0000000088900000, 0x0000000088900000| Complete 
|  98|0x0000000088a00000, 0x0000000088b00000, 0x0000000088b00000|100%| E|CS|TAMS 0x0000000088a00000, 0x0000000088a00000| Complete 
|  99|0x0000000088b00000, 0x0000000088c00000, 0x0000000088c00000|100%| E|CS|TAMS 0x0000000088b00000, 0x0000000088b00000| Complete 
| 100|0x0000000088c00000, 0x0000000088d00000, 0x0000000088d00000|100%| E|CS|TAMS 0x0000000088c00000, 0x0000000088c00000| Complete 
| 101|0x0000000088d00000, 0x0000000088e00000, 0x0000000088e00000|100%| E|CS|TAMS 0x0000000088d00000, 0x0000000088d00000| Complete 
| 102|0x0000000088e00000, 0x0000000088f00000, 0x0000000088f00000|100%| E|CS|TAMS 0x0000000088e00000, 0x0000000088e00000| Complete 
| 103|0x0000000088f00000, 0x0000000089000000, 0x0000000089000000|100%| E|CS|TAMS 0x0000000088f00000, 0x0000000088f00000| Complete 
| 104|0x0000000089000000, 0x0000000089100000, 0x0000000089100000|100%| E|CS|TAMS 0x0000000089000000, 0x0000000089000000| Complete 
| 105|0x0000000089100000, 0x0000000089200000, 0x0000000089200000|100%| E|CS|TAMS 0x0000000089100000, 0x0000000089100000| Complete 
| 106|0x0000000089200000, 0x0000000089300000, 0x0000000089300000|100%| E|CS|TAMS 0x0000000089200000, 0x0000000089200000| Complete 
| 107|0x0000000089300000, 0x0000000089400000, 0x0000000089400000|100%| E|CS|TAMS 0x0000000089300000, 0x0000000089300000| Complete 
| 108|0x0000000089400000, 0x0000000089500000, 0x0000000089500000|100%| E|CS|TAMS 0x0000000089400000, 0x0000000089400000| Complete 
| 109|0x0000000089500000, 0x0000000089600000, 0x0000000089600000|100%| E|CS|TAMS 0x0000000089500000, 0x0000000089500000| Complete 
| 110|0x0000000089600000, 0x0000000089700000, 0x0000000089700000|100%| E|CS|TAMS 0x0000000089600000, 0x0000000089600000| Complete 
| 111|0x0000000089700000, 0x0000000089800000, 0x0000000089800000|100%| E|CS|TAMS 0x0000000089700000, 0x0000000089700000| Complete 
| 112|0x0000000089800000, 0x0000000089900000, 0x0000000089900000|100%| E|CS|TAMS 0x0000000089800000, 0x0000000089800000| Complete 
| 113|0x0000000089900000, 0x0000000089a00000, 0x0000000089a00000|100%| E|CS|TAMS 0x0000000089900000, 0x0000000089900000| Complete 
| 114|0x0000000089a00000, 0x0000000089b00000, 0x0000000089b00000|100%| E|CS|TAMS 0x0000000089a00000, 0x0000000089a00000| Complete 
| 115|0x0000000089b00000, 0x0000000089c00000, 0x0000000089c00000|100%| E|CS|TAMS 0x0000000089b00000, 0x0000000089b00000| Complete 
| 116|0x0000000089c00000, 0x0000000089d00000, 0x0000000089d00000|100%| E|CS|TAMS 0x0000000089c00000, 0x0000000089c00000| Complete 
| 117|0x0000000089d00000, 0x0000000089e00000, 0x0000000089e00000|100%| E|CS|TAMS 0x0000000089d00000, 0x0000000089d00000| Complete 
| 118|0x0000000089e00000, 0x0000000089f00000, 0x0000000089f00000|100%| E|CS|TAMS 0x0000000089e00000, 0x0000000089e00000| Complete 
| 119|0x0000000089f00000, 0x000000008a000000, 0x000000008a000000|100%| E|CS|TAMS 0x0000000089f00000, 0x0000000089f00000| Complete 
| 120|0x000000008a000000, 0x000000008a100000, 0x000000008a100000|100%| E|CS|TAMS 0x000000008a000000, 0x000000008a000000| Complete 
| 121|0x000000008a100000, 0x000000008a200000, 0x000000008a200000|100%| E|CS|TAMS 0x000000008a100000, 0x000000008a100000| Complete 
| 122|0x000000008a200000, 0x000000008a300000, 0x000000008a300000|100%| E|CS|TAMS 0x000000008a200000, 0x000000008a200000| Complete 
| 123|0x000000008a300000, 0x000000008a400000, 0x000000008a400000|100%| E|CS|TAMS 0x000000008a300000, 0x000000008a300000| Complete 
| 124|0x000000008a400000, 0x000000008a500000, 0x000000008a500000|100%| E|CS|TAMS 0x000000008a400000, 0x000000008a400000| Complete 
| 125|0x000000008a500000, 0x000000008a600000, 0x000000008a600000|100%| E|CS|TAMS 0x000000008a500000, 0x000000008a500000| Complete 
| 126|0x000000008a600000, 0x000000008a700000, 0x000000008a700000|100%| E|CS|TAMS 0x000000008a600000, 0x000000008a600000| Complete 
| 127|0x000000008a700000, 0x000000008a800000, 0x000000008a800000|100%| E|CS|TAMS 0x000000008a700000, 0x000000008a700000| Complete 
| 128|0x000000008a800000, 0x000000008a900000, 0x000000008a900000|100%| E|CS|TAMS 0x000000008a800000, 0x000000008a800000| Complete 
| 129|0x000000008a900000, 0x000000008aa00000, 0x000000008aa00000|100%| E|CS|TAMS 0x000000008a900000, 0x000000008a900000| Complete 
| 130|0x000000008aa00000, 0x000000008ab00000, 0x000000008ab00000|100%| E|CS|TAMS 0x000000008aa00000, 0x000000008aa00000| Complete 
| 131|0x000000008ab00000, 0x000000008ac00000, 0x000000008ac00000|100%| E|CS|TAMS 0x000000008ab00000, 0x000000008ab00000| Complete 
| 132|0x000000008ac00000, 0x000000008ad00000, 0x000000008ad00000|100%| E|CS|TAMS 0x000000008ac00000, 0x000000008ac00000| Complete 
| 133|0x000000008ad00000, 0x000000008ae00000, 0x000000008ae00000|100%| E|CS|TAMS 0x000000008ad00000, 0x000000008ad00000| Complete 
| 134|0x000000008ae00000, 0x000000008af00000, 0x000000008af00000|100%| E|CS|TAMS 0x000000008ae00000, 0x000000008ae00000| Complete 
| 135|0x000000008af00000, 0x000000008b000000, 0x000000008b000000|100%| E|CS|TAMS 0x000000008af00000, 0x000000008af00000| Complete 
| 136|0x000000008b000000, 0x000000008b100000, 0x000000008b100000|100%| E|CS|TAMS 0x000000008b000000, 0x000000008b000000| Complete 
| 137|0x000000008b100000, 0x000000008b200000, 0x000000008b200000|100%| E|CS|TAMS 0x000000008b100000, 0x000000008b100000| Complete 
| 138|0x000000008b200000, 0x000000008b300000, 0x000000008b300000|100%| E|CS|TAMS 0x000000008b200000, 0x000000008b200000| Complete 
| 139|0x000000008b300000, 0x000000008b400000, 0x000000008b400000|100%| E|CS|TAMS 0x000000008b300000, 0x000000008b300000| Complete 
| 140|0x000000008b400000, 0x000000008b500000, 0x000000008b500000|100%| E|CS|TAMS 0x000000008b400000, 0x000000008b400000| Complete 
| 141|0x000000008b500000, 0x000000008b600000, 0x000000008b600000|100%| E|CS|TAMS 0x000000008b500000, 0x000000008b500000| Complete 
| 142|0x000000008b600000, 0x000000008b700000, 0x000000008b700000|100%| E|CS|TAMS 0x000000008b600000, 0x000000008b600000| Complete 
| 143|0x000000008b700000, 0x000000008b800000, 0x000000008b800000|100%| E|CS|TAMS 0x000000008b700000, 0x000000008b700000| Complete 
| 144|0x000000008b800000, 0x000000008b900000, 0x000000008b900000|100%| E|CS|TAMS 0x000000008b800000, 0x000000008b800000| Complete 
| 145|0x000000008b900000, 0x000000008ba00000, 0x000000008ba00000|100%| E|CS|TAMS 0x000000008b900000, 0x000000008b900000| Complete 
| 146|0x000000008ba00000, 0x000000008bb00000, 0x000000008bb00000|100%| E|CS|TAMS 0x000000008ba00000, 0x000000008ba00000| Complete 
| 147|0x000000008bb00000, 0x000000008bc00000, 0x000000008bc00000|100%| E|CS|TAMS 0x000000008bb00000, 0x000000008bb00000| Complete 
| 148|0x000000008bc00000, 0x000000008bd00000, 0x000000008bd00000|100%| E|CS|TAMS 0x000000008bc00000, 0x000000008bc00000| Complete 
| 149|0x000000008bd00000, 0x000000008be00000, 0x000000008be00000|100%| E|CS|TAMS 0x000000008bd00000, 0x000000008bd00000| Complete 
| 150|0x000000008be00000, 0x000000008bf00000, 0x000000008bf00000|100%| E|CS|TAMS 0x000000008be00000, 0x000000008be00000| Complete 
| 151|0x000000008bf00000, 0x000000008c000000, 0x000000008c000000|100%| E|CS|TAMS 0x000000008bf00000, 0x000000008bf00000| Complete 
| 152|0x000000008c000000, 0x000000008c100000, 0x000000008c100000|100%| E|CS|TAMS 0x000000008c000000, 0x000000008c000000| Complete 
| 153|0x000000008c100000, 0x000000008c200000, 0x000000008c200000|100%| E|CS|TAMS 0x000000008c100000, 0x000000008c100000| Complete 
| 154|0x000000008c200000, 0x000000008c300000, 0x000000008c300000|100%| E|CS|TAMS 0x000000008c200000, 0x000000008c200000| Complete 
| 155|0x000000008c300000, 0x000000008c400000, 0x000000008c400000|100%| E|CS|TAMS 0x000000008c300000, 0x000000008c300000| Complete 
| 156|0x000000008c400000, 0x000000008c500000, 0x000000008c500000|100%| E|CS|TAMS 0x000000008c400000, 0x000000008c400000| Complete 
| 157|0x000000008c500000, 0x000000008c600000, 0x000000008c600000|100%| E|CS|TAMS 0x000000008c500000, 0x000000008c500000| Complete 
| 158|0x000000008c600000, 0x000000008c700000, 0x000000008c700000|100%| E|CS|TAMS 0x000000008c600000, 0x000000008c600000| Complete 
| 159|0x000000008c700000, 0x000000008c800000, 0x000000008c800000|100%| E|CS|TAMS 0x000000008c700000, 0x000000008c700000| Complete 
| 160|0x000000008c800000, 0x000000008c900000, 0x000000008c900000|100%| E|CS|TAMS 0x000000008c800000, 0x000000008c800000| Complete 
| 161|0x000000008c900000, 0x000000008ca00000, 0x000000008ca00000|100%| E|CS|TAMS 0x000000008c900000, 0x000000008c900000| Complete 
| 162|0x000000008ca00000, 0x000000008cb00000, 0x000000008cb00000|100%| E|CS|TAMS 0x000000008ca00000, 0x000000008ca00000| Complete 
| 163|0x000000008cb00000, 0x000000008cc00000, 0x000000008cc00000|100%| E|CS|TAMS 0x000000008cb00000, 0x000000008cb00000| Complete 
| 164|0x000000008cc00000, 0x000000008cd00000, 0x000000008cd00000|100%| E|CS|TAMS 0x000000008cc00000, 0x000000008cc00000| Complete 
| 165|0x000000008cd00000, 0x000000008ce00000, 0x000000008ce00000|100%| E|CS|TAMS 0x000000008cd00000, 0x000000008cd00000| Complete 
| 166|0x000000008ce00000, 0x000000008cf00000, 0x000000008cf00000|100%| E|CS|TAMS 0x000000008ce00000, 0x000000008ce00000| Complete 
| 167|0x000000008cf00000, 0x000000008d000000, 0x000000008d000000|100%| E|CS|TAMS 0x000000008cf00000, 0x000000008cf00000| Complete 
| 168|0x000000008d000000, 0x000000008d100000, 0x000000008d100000|100%| E|CS|TAMS 0x000000008d000000, 0x000000008d000000| Complete 
| 169|0x000000008d100000, 0x000000008d200000, 0x000000008d200000|100%| E|CS|TAMS 0x000000008d100000, 0x000000008d100000| Complete 
| 170|0x000000008d200000, 0x000000008d300000, 0x000000008d300000|100%| E|CS|TAMS 0x000000008d200000, 0x000000008d200000| Complete 
| 171|0x000000008d300000, 0x000000008d400000, 0x000000008d400000|100%| E|CS|TAMS 0x000000008d300000, 0x000000008d300000| Complete 
| 172|0x000000008d400000, 0x000000008d500000, 0x000000008d500000|100%| E|CS|TAMS 0x000000008d400000, 0x000000008d400000| Complete 
| 173|0x000000008d500000, 0x000000008d600000, 0x000000008d600000|100%| E|CS|TAMS 0x000000008d500000, 0x000000008d500000| Complete 
| 174|0x000000008d600000, 0x000000008d700000, 0x000000008d700000|100%| E|CS|TAMS 0x000000008d600000, 0x000000008d600000| Complete 
| 175|0x000000008d700000, 0x000000008d800000, 0x000000008d800000|100%| E|CS|TAMS 0x000000008d700000, 0x000000008d700000| Complete 
| 176|0x000000008d800000, 0x000000008d900000, 0x000000008d900000|100%| E|CS|TAMS 0x000000008d800000, 0x000000008d800000| Complete 
| 177|0x000000008d900000, 0x000000008da00000, 0x000000008da00000|100%| E|CS|TAMS 0x000000008d900000, 0x000000008d900000| Complete 
| 178|0x000000008da00000, 0x000000008db00000, 0x000000008db00000|100%| E|CS|TAMS 0x000000008da00000, 0x000000008da00000| Complete 
| 179|0x000000008db00000, 0x000000008dc00000, 0x000000008dc00000|100%| E|CS|TAMS 0x000000008db00000, 0x000000008db00000| Complete 
| 180|0x000000008dc00000, 0x000000008dd00000, 0x000000008dd00000|100%| E|CS|TAMS 0x000000008dc00000, 0x000000008dc00000| Complete 
| 181|0x000000008dd00000, 0x000000008de00000, 0x000000008de00000|100%| E|CS|TAMS 0x000000008dd00000, 0x000000008dd00000| Complete 
| 182|0x000000008de00000, 0x000000008df00000, 0x000000008df00000|100%| E|CS|TAMS 0x000000008de00000, 0x000000008de00000| Complete 
| 183|0x000000008df00000, 0x000000008e000000, 0x000000008e000000|100%| E|CS|TAMS 0x000000008df00000, 0x000000008df00000| Complete 
| 184|0x000000008e000000, 0x000000008e100000, 0x000000008e100000|100%| E|CS|TAMS 0x000000008e000000, 0x000000008e000000| Complete 
| 185|0x000000008e100000, 0x000000008e200000, 0x000000008e200000|100%| E|CS|TAMS 0x000000008e100000, 0x000000008e100000| Complete 
| 186|0x000000008e200000, 0x000000008e300000, 0x000000008e300000|100%| E|CS|TAMS 0x000000008e200000, 0x000000008e200000| Complete 
| 187|0x000000008e300000, 0x000000008e400000, 0x000000008e400000|100%| E|CS|TAMS 0x000000008e300000, 0x000000008e300000| Complete 
| 188|0x000000008e400000, 0x000000008e500000, 0x000000008e500000|100%| E|CS|TAMS 0x000000008e400000, 0x000000008e400000| Complete 
| 189|0x000000008e500000, 0x000000008e600000, 0x000000008e600000|100%| E|CS|TAMS 0x000000008e500000, 0x000000008e500000| Complete 
| 190|0x000000008e600000, 0x000000008e700000, 0x000000008e700000|100%| E|CS|TAMS 0x000000008e600000, 0x000000008e600000| Complete 
| 191|0x000000008e700000, 0x000000008e800000, 0x000000008e800000|100%| E|CS|TAMS 0x000000008e700000, 0x000000008e700000| Complete 
| 192|0x000000008e800000, 0x000000008e900000, 0x000000008e900000|100%| E|CS|TAMS 0x000000008e800000, 0x000000008e800000| Complete 
| 193|0x000000008e900000, 0x000000008ea00000, 0x000000008ea00000|100%| E|CS|TAMS 0x000000008e900000, 0x000000008e900000| Complete 
| 194|0x000000008ea00000, 0x000000008eb00000, 0x000000008eb00000|100%| S|  |TAMS 0x000000008ea00000, 0x000000008ea00000| Complete 
| 217|0x0000000090100000, 0x0000000090200000, 0x0000000090200000|100%| E|CS|TAMS 0x0000000090100000, 0x0000000090100000| Complete 
| 218|0x0000000090200000, 0x0000000090300000, 0x0000000090300000|100%| E|CS|TAMS 0x0000000090200000, 0x0000000090200000| Complete 
| 219|0x0000000090300000, 0x0000000090400000, 0x0000000090400000|100%| E|CS|TAMS 0x0000000090300000, 0x0000000090300000| Complete 
|2002|0x00000000ffa00000, 0x00000000ffb00000, 0x00000000ffb00000|100%| O|  |TAMS 0x00000000ffa00000, 0x00000000ffa00000| Untracked 
|2003|0x00000000ffb00000, 0x00000000ffc00000, 0x00000000ffc00000|100%| O|  |TAMS 0x00000000ffb00000, 0x00000000ffb00000| Untracked 
|2004|0x00000000ffc00000, 0x00000000ffd00000, 0x00000000ffd00000|100%| O|  |TAMS 0x00000000ffc00000, 0x00000000ffc00000| Untracked 
|2005|0x00000000ffd00000, 0x00000000ffe00000, 0x00000000ffe00000|100%| O|  |TAMS 0x00000000ffd00000, 0x00000000ffd00000| Untracked 
|2006|0x00000000ffe00000, 0x00000000fff00000, 0x00000000fff00000|100%| O|  |TAMS 0x00000000ffe00000, 0x00000000ffe00000| Untracked 
|2007|0x00000000fff00000, 0x0000000100000000, 0x0000000100000000|100%| O|  |TAMS 0x00000000fff00000, 0x00000000fff00000| Untracked 

Card table byte_map: [0x0000021be8150000,0x0000021be8540000] _byte_map_base: 0x0000021be7d3c000

Marking Bits (Prev, Next): (CMBitMap*) 0x0000021bdd2655a0, (CMBitMap*) 0x0000021bdd2655e0
 Prev Bits: [0x0000021be8930000, 0x0000021bea890000)
 Next Bits: [0x0000021bea890000, 0x0000021bec7f0000)

Polling page: 0x0000021bdb1b0000

Metaspace:

Usage:
  Non-class:     70.63 MB used.
      Class:     12.09 MB used.
       Both:     82.72 MB used.

Virtual space:
  Non-class space:      128.00 MB reserved,      71.00 MB ( 55%) committed,  2 nodes.
      Class space:        1.00 GB reserved,      12.44 MB (  1%) committed,  1 nodes.
             Both:        1.12 GB reserved,      83.44 MB (  7%) committed. 

Chunk freelists:
   Non-Class:  8.12 MB
       Class:  3.55 MB
        Both:  11.67 MB

MaxMetaspaceSize: unlimited
CompressedClassSpaceSize: 1.00 GB
Initial GC threshold: 21.00 MB
Current GC threshold: 138.88 MB
CDS: on
MetaspaceReclaimPolicy: balanced
 - commit_granule_bytes: 65536.
 - commit_granule_words: 8192.
 - virtual_space_node_default_size: 8388608.
 - enlarge_chunks_in_place: 1.
 - new_chunks_are_fully_committed: 0.
 - uncommit_free_chunks: 1.
 - use_allocation_guard: 0.
 - handle_deallocations: 1.


Internal statistics:

num_allocs_failed_limit: 12.
num_arena_births: 1020.
num_arena_deaths: 6.
num_vsnodes_births: 3.
num_vsnodes_deaths: 0.
num_space_committed: 1335.
num_space_uncommitted: 0.
num_chunks_returned_to_freelist: 21.
num_chunks_taken_from_freelist: 4161.
num_chunk_merges: 13.
num_chunk_splits: 3051.
num_chunks_enlarged: 2406.
num_inconsistent_stats: 0.

CodeCache: size=49152Kb used=13370Kb max_used=13370Kb free=35781Kb
 bounds [0x0000021be4d60000, 0x0000021be5a70000, 0x0000021be7d60000]
 total_blobs=7969 nmethods=7158 adapters=736
 compilation: enabled
              stopped_count=0, restarted_count=0
 full_count=0

Compilation events (20 events):
Event: 26.752 Thread 0x0000021beebb9510 nmethod 7148 0x0000021be5a6af10 code [0x0000021be5a6b0a0, 0x0000021be5a6b178]
Event: 26.752 Thread 0x0000021bf317c300 nmethod 7149 0x0000021be5a6b210 code [0x0000021be5a6b440, 0x0000021be5a6bbb8]
Event: 26.768 Thread 0x0000021bf317c300 7150       1       org.antlr.v4.runtime.atn.LexerChannelAction::isPositionDependent (2 bytes)
Event: 26.768 Thread 0x0000021beebb9510 7151       1       org.antlr.v4.runtime.Lexer::setChannel (6 bytes)
Event: 26.768 Thread 0x0000021beebb9510 nmethod 7151 0x0000021be5a6be10 code [0x0000021be5a6bfa0, 0x0000021be5a6c078]
Event: 26.768 Thread 0x0000021bf317c300 nmethod 7150 0x0000021be5a6c110 code [0x0000021be5a6c2a0, 0x0000021be5a6c378]
Event: 26.768 Thread 0x0000021beebb9510 7152   !   1       org.antlr.v4.runtime.atn.LexerActionExecutor::execute (166 bytes)
Event: 26.769 Thread 0x0000021bf317c300 7153       1       org.springframework.data.jpa.repository.query.QueryToken::isExpression (2 bytes)
Event: 26.769 Thread 0x0000021bf317c300 nmethod 7153 0x0000021be5a6c410 code [0x0000021be5a6c5a0, 0x0000021be5a6c678]
Event: 26.769 Thread 0x0000021beebb9510 nmethod 7152 0x0000021be5a6c710 code [0x0000021be5a6c900, 0x0000021be5a6ce18]
Event: 26.769 Thread 0x0000021bf317c300 7154       1       org.antlr.v4.runtime.atn.LexerSkipAction::isPositionDependent (2 bytes)
Event: 26.769 Thread 0x0000021bf317c300 nmethod 7154 0x0000021be5a6d290 code [0x0000021be5a6d420, 0x0000021be5a6d4f8]
Event: 26.770 Thread 0x0000021bf317c300 7155       1       org.hibernate.query.internal.QueryEngineImpl::getCriteriaBuilder (5 bytes)
Event: 26.770 Thread 0x0000021bf317c300 nmethod 7155 0x0000021be5a6d590 code [0x0000021be5a6d720, 0x0000021be5a6d7f8]
Event: 26.989 Thread 0x0000021bf317c300 7156       1       org.antlr.v4.runtime.atn.PredictionMode::hasSLLConflictTerminatingPrediction (109 bytes)
Event: 26.990 Thread 0x0000021bf317c300 nmethod 7156 0x0000021be5a6d890 code [0x0000021be5a6daa0, 0x0000021be5a6df58]
Event: 27.488 Thread 0x0000021bf317c300 7157       1       org.antlr.v4.runtime.tree.TerminalNodeImpl::accept (8 bytes)
Event: 27.488 Thread 0x0000021beebb9510 7158       1       org.antlr.v4.runtime.tree.AbstractParseTreeVisitor::visitTerminal (5 bytes)
Event: 27.488 Thread 0x0000021beebb9510 nmethod 7158 0x0000021be5a6e290 code [0x0000021be5a6e420, 0x0000021be5a6e4f8]
Event: 27.488 Thread 0x0000021bf317c300 nmethod 7157 0x0000021be5a6e590 code [0x0000021be5a6e740, 0x0000021be5a6e828]

GC Heap History (20 events):
Event: 21.161 GC heap after
{Heap after GC invocations=21 (full 0):
 garbage-first heap   total 81920K, used 45070K [0x0000000082800000, 0x0000000100000000)
  region size 1024K, 4 young (4096K), 4 survivors (4096K)
 Metaspace       used 66491K, committed 67136K, reserved 1114112K
  class space    used 9801K, committed 10112K, reserved 1048576K
}
Event: 21.527 GC heap before
{Heap before GC invocations=22 (full 0):
 garbage-first heap   total 96256K, used 64526K [0x0000000082800000, 0x0000000100000000)
  region size 1024K, 23 young (23552K), 4 survivors (4096K)
 Metaspace       used 68131K, committed 68736K, reserved 1114112K
  class space    used 10173K, committed 10432K, reserved 1048576K
}
Event: 21.533 GC heap after
{Heap after GC invocations=23 (full 0):
 garbage-first heap   total 96256K, used 46599K [0x0000000082800000, 0x0000000100000000)
  region size 1024K, 2 young (2048K), 2 survivors (2048K)
 Metaspace       used 68131K, committed 68736K, reserved 1114112K
  class space    used 10173K, committed 10432K, reserved 1048576K
}
Event: 21.547 GC heap before
{Heap before GC invocations=23 (full 0):
 garbage-first heap   total 96256K, used 47623K [0x0000000082800000, 0x0000000100000000)
  region size 1024K, 4 young (4096K), 2 survivors (2048K)
 Metaspace       used 68133K, committed 68736K, reserved 1114112K
  class space    used 10173K, committed 10432K, reserved 1048576K
}
Event: 21.549 GC heap after
{Heap after GC invocations=24 (full 0):
 garbage-first heap   total 96256K, used 46823K [0x0000000082800000, 0x0000000100000000)
  region size 1024K, 1 young (1024K), 1 survivors (1024K)
 Metaspace       used 68133K, committed 68736K, reserved 1114112K
  class space    used 10173K, committed 10432K, reserved 1048576K
}
Event: 22.256 GC heap before
{Heap before GC invocations=24 (full 0):
 garbage-first heap   total 96256K, used 77543K [0x0000000082800000, 0x0000000100000000)
  region size 1024K, 31 young (31744K), 1 survivors (1024K)
 Metaspace       used 71021K, committed 71616K, reserved 1114112K
  class space    used 10618K, committed 10880K, reserved 1048576K
}
Event: 22.260 GC heap after
{Heap after GC invocations=25 (full 0):
 garbage-first heap   total 96256K, used 48012K [0x0000000082800000, 0x0000000100000000)
  region size 1024K, 2 young (2048K), 2 survivors (2048K)
 Metaspace       used 71021K, committed 71616K, reserved 1114112K
  class space    used 10618K, committed 10880K, reserved 1048576K
}
Event: 24.110 GC heap before
{Heap before GC invocations=26 (full 0):
 garbage-first heap   total 96256K, used 78732K [0x0000000082800000, 0x0000000100000000)
  region size 1024K, 32 young (32768K), 2 survivors (2048K)
 Metaspace       used 75742K, committed 76416K, reserved 1114112K
  class space    used 11238K, committed 11520K, reserved 1048576K
}
Event: 24.116 GC heap after
{Heap after GC invocations=27 (full 0):
 garbage-first heap   total 96256K, used 50229K [0x0000000082800000, 0x0000000100000000)
  region size 1024K, 4 young (4096K), 4 survivors (4096K)
 Metaspace       used 75742K, committed 76416K, reserved 1114112K
  class space    used 11238K, committed 11520K, reserved 1048576K
}
Event: 24.145 GC heap before
{Heap before GC invocations=27 (full 0):
 garbage-first heap   total 96256K, used 51253K [0x0000000082800000, 0x0000000100000000)
  region size 1024K, 5 young (5120K), 4 survivors (4096K)
 Metaspace       used 75898K, committed 76544K, reserved 1114112K
  class space    used 11244K, committed 11520K, reserved 1048576K
}
Event: 24.151 GC heap after
{Heap after GC invocations=28 (full 0):
 garbage-first heap   total 96256K, used 50187K [0x0000000082800000, 0x0000000100000000)
  region size 1024K, 1 young (1024K), 1 survivors (1024K)
 Metaspace       used 75898K, committed 76544K, reserved 1114112K
  class space    used 11244K, committed 11520K, reserved 1048576K
}
Event: 25.213 GC heap before
{Heap before GC invocations=28 (full 0):
 garbage-first heap   total 96256K, used 78859K [0x0000000082800000, 0x0000000100000000)
  region size 1024K, 29 young (29696K), 1 survivors (1024K)
 Metaspace       used 82330K, committed 83008K, reserved 1179648K
  class space    used 12022K, committed 12352K, reserved 1048576K
}
Event: 25.217 GC heap after
{Heap after GC invocations=29 (full 0):
 garbage-first heap   total 96256K, used 52179K [0x0000000082800000, 0x0000000100000000)
  region size 1024K, 3 young (3072K), 3 survivors (3072K)
 Metaspace       used 82330K, committed 83008K, reserved 1179648K
  class space    used 12022K, committed 12352K, reserved 1048576K
}
Event: 26.052 GC heap before
{Heap before GC invocations=30 (full 0):
 garbage-first heap   total 96256K, used 77779K [0x0000000082800000, 0x0000000100000000)
  region size 1024K, 29 young (29696K), 3 survivors (3072K)
 Metaspace       used 84492K, committed 85248K, reserved 1179648K
  class space    used 12346K, committed 12672K, reserved 1048576K
}
Event: 26.058 GC heap after
{Heap after GC invocations=31 (full 0):
 garbage-first heap   total 96256K, used 55689K [0x0000000082800000, 0x0000000100000000)
  region size 1024K, 4 young (4096K), 4 survivors (4096K)
 Metaspace       used 84492K, committed 85248K, reserved 1179648K
  class space    used 12346K, committed 12672K, reserved 1048576K
}
Event: 26.066 GC heap before
{Heap before GC invocations=31 (full 0):
 garbage-first heap   total 96256K, used 56713K [0x0000000082800000, 0x0000000100000000)
  region size 1024K, 5 young (5120K), 4 survivors (4096K)
 Metaspace       used 84492K, committed 85248K, reserved 1179648K
  class space    used 12346K, committed 12672K, reserved 1048576K
}
Event: 26.071 GC heap after
{Heap after GC invocations=32 (full 0):
 garbage-first heap   total 96256K, used 55805K [0x0000000082800000, 0x0000000100000000)
  region size 1024K, 1 young (1024K), 1 survivors (1024K)
 Metaspace       used 84492K, committed 85248K, reserved 1179648K
  class space    used 12346K, committed 12672K, reserved 1048576K
}
Event: 26.258 GC heap before
{Heap before GC invocations=32 (full 0):
 garbage-first heap   total 96256K, used 78333K [0x0000000082800000, 0x0000000100000000)
  region size 1024K, 23 young (23552K), 1 survivors (1024K)
 Metaspace       used 84571K, committed 85312K, reserved 1179648K
  class space    used 12359K, committed 12672K, reserved 1048576K
}
Event: 26.262 GC heap after
{Heap after GC invocations=33 (full 0):
 garbage-first heap   total 225280K, used 56797K [0x0000000082800000, 0x0000000100000000)
  region size 1024K, 2 young (2048K), 2 survivors (2048K)
 Metaspace       used 84571K, committed 85312K, reserved 1179648K
  class space    used 12359K, committed 12672K, reserved 1048576K
}
Event: 27.508 GC heap before
{Heap before GC invocations=34 (full 0):
 garbage-first heap   total 201728K, used 185821K [0x0000000082800000, 0x0000000100000000)
  region size 1024K, 127 young (130048K), 2 survivors (2048K)
 Metaspace       used 84703K, committed 85440K, reserved 1179648K
  class space    used 12383K, committed 12736K, reserved 1048576K
}

Dll operation events (11 events):
Event: 0.020 Loaded shared library C:\Program Files\Microsoft\jdk-17.0.18.8-hotspot\bin\java.dll
Event: 0.047 Loaded shared library C:\Program Files\Microsoft\jdk-17.0.18.8-hotspot\bin\jsvml.dll
Event: 0.352 Loaded shared library C:\Program Files\Microsoft\jdk-17.0.18.8-hotspot\bin\net.dll
Event: 0.354 Loaded shared library C:\Program Files\Microsoft\jdk-17.0.18.8-hotspot\bin\nio.dll
Event: 0.411 Loaded shared library C:\Program Files\Microsoft\jdk-17.0.18.8-hotspot\bin\zip.dll
Event: 0.907 Loaded shared library C:\Program Files\Microsoft\jdk-17.0.18.8-hotspot\bin\jimage.dll
Event: 2.323 Loaded shared library C:\Program Files\Microsoft\jdk-17.0.18.8-hotspot\bin\management.dll
Event: 2.327 Loaded shared library C:\Program Files\Microsoft\jdk-17.0.18.8-hotspot\bin\management_ext.dll
Event: 6.425 Loaded shared library C:\Program Files\Microsoft\jdk-17.0.18.8-hotspot\bin\sunmscapi.dll
Event: 17.050 Loaded shared library C:\Program Files\Microsoft\jdk-17.0.18.8-hotspot\bin\extnet.dll
Event: 24.621 Loaded shared library C:\Users\saife\AppData\Local\Temp\netty_tcnative_windows_x86_6413098665775381833742.dll

Deoptimization events (8 events):
Event: 12.879 Thread 0x0000021bf3bf6cd0 DEOPT PACKING pc=0x0000021be557ba34 sp=0x00000058fe0fb6d0
Event: 12.879 Thread 0x0000021bf3bf6cd0 DEOPT UNPACKING pc=0x0000021be4db7143 sp=0x00000058fe0fac58 mode 0
Event: 12.879 Thread 0x0000021bf3bf6cd0 DEOPT PACKING pc=0x0000021be5514a8c sp=0x00000058fe0fb8b0
Event: 12.879 Thread 0x0000021bf3bf6cd0 DEOPT UNPACKING pc=0x0000021be4db7143 sp=0x00000058fe0fad70 mode 0
Event: 17.545 Thread 0x0000021bf3bf6cd0 DEOPT PACKING pc=0x0000021be5300819 sp=0x00000058fe0fd370
Event: 17.545 Thread 0x0000021bf3bf6cd0 DEOPT UNPACKING pc=0x0000021be4db7143 sp=0x00000058fe0fc810 mode 3
Event: 17.545 Thread 0x0000021bf3a584d0 DEOPT PACKING pc=0x0000021be51bb517 sp=0x00000058fe7feed0
Event: 17.545 Thread 0x0000021bf3a584d0 DEOPT UNPACKING pc=0x0000021be4db7143 sp=0x00000058fe7fe328 mode 3

Classes loaded (20 events):
Event: 25.658 Loading class sun/security/validator/EntrustTLSPolicy
Event: 25.658 Loading class sun/security/validator/EntrustTLSPolicy done
Event: 25.658 Loading class sun/security/validator/CamerfirmaTLSPolicy
Event: 25.658 Loading class sun/security/validator/CamerfirmaTLSPolicy done
Event: 25.659 Loading class sun/security/util/AnchorCertificates
Event: 25.659 Loading class sun/security/util/AnchorCertificates done
Event: 25.659 Loading class sun/security/util/AnchorCertificates$1
Event: 25.659 Loading class sun/security/util/AnchorCertificates$1 done
Event: 25.659 Loading class sun/security/provider/JavaKeyStore$DualFormatJKS
Event: 25.659 Loading class sun/security/provider/JavaKeyStore$DualFormatJKS done
Event: 25.667 Loading class sun/security/util/HostnameChecker
Event: 25.667 Loading class sun/security/util/HostnameChecker done
Event: 25.730 Loading class sun/nio/ch/IOVecWrapper
Event: 25.730 Loading class sun/nio/ch/IOVecWrapper done
Event: 25.730 Loading class sun/nio/ch/AllocatedNativeObject
Event: 25.730 Loading class sun/nio/ch/NativeObject
Event: 25.731 Loading class sun/nio/ch/NativeObject done
Event: 25.731 Loading class sun/nio/ch/AllocatedNativeObject done
Event: 25.731 Loading class sun/nio/ch/IOVecWrapper$Deallocator
Event: 25.731 Loading class sun/nio/ch/IOVecWrapper$Deallocator done

Classes unloaded (3 events):
Event: 25.325 Thread 0x0000021beeb97320 Unloading class 0x0000021b81abc000 'jdk/internal/reflect/GeneratedSerializationConstructorAccessor3'
Event: 26.384 Thread 0x0000021beeb97320 Unloading class 0x0000021b81c6c400 'jdk/internal/reflect/GeneratedSerializationConstructorAccessor5'
Event: 26.384 Thread 0x0000021beeb97320 Unloading class 0x0000021b81c6c000 'jdk/internal/reflect/GeneratedSerializationConstructorAccessor4'

Classes redefined (0 events):
No events

Internal exceptions (20 events):
Event: 25.045 Thread 0x0000021bf3bf6cd0 Exception <a 'java/lang/ExceptionInInitializerError'{0x0000000086d4be80}> (0x0000000086d4be80) 
thrown [s\src\hotspot\share\oops\instanceKlass.cpp, line 1223]
Event: 25.113 Thread 0x0000021bf3bf6cd0 Exception <a 'java/lang/NoSuchMethodError'{0x0000000086b83c48}: 'java.lang.Object java.lang.invoke.DirectMethodHandle$Holder.newInvokeSpecial(java.lang.Object, java.lang.Object, long, java.lang.Object)'> (0x0000000086b83c48) 
thrown [s\src\hotspot\share\interpreter\linkResolver.cpp, line 759]
Event: 25.238 Thread 0x0000021bf3bf6cd0 Exception <a 'java/lang/NoSuchMethodError'{0x000000008a5cd240}: 'java.lang.Object java.lang.invoke.DirectMethodHandle$Holder.newInvokeSpecial(java.lang.Object, java.lang.Object, java.lang.Object, java.lang.Object, java.lang.Object, java.lang.Object, int, java.lang.Object)'> (0x000000008a5cd240) 
thrown [s\src\hotspot\share\interpreter\linkResolver.cpp, line 759]
Event: 25.411 Thread 0x0000021bf3a575a0 Exception <a 'java/lang/NoSuchMethodError'{0x00000000882e9748}: 'java.lang.Object java.lang.invoke.Invokers$Holder.linkToTargetMethod(java.lang.Object, int, java.lang.Object, java.lang.Object, java.lang.Object, java.lang.Object)'> (0x00000000882e9748) 
thrown [s\src\hotspot\share\interpreter\linkResolver.cpp, line 759]
Event: 25.411 Thread 0x0000021bf3a575a0 Exception <a 'java/lang/NoSuchMethodError'{0x00000000882ed290}: 'java.lang.Object java.lang.invoke.DirectMethodHandle$Holder.invokeStatic(java.lang.Object, java.lang.Object, java.lang.Object, int, java.lang.Object, java.lang.Object)'> (0x00000000882ed290) 
thrown [s\src\hotspot\share\interpreter\linkResolver.cpp, line 759]
Event: 25.415 Thread 0x0000021bf3a575a0 Exception <a 'java/lang/NoSuchMethodError'{0x00000000881126f0}: 'java.lang.Object java.lang.invoke.DirectMethodHandle$Holder.newInvokeSpecial(java.lang.Object, java.lang.Object, java.lang.Object, java.lang.Object, int, java.lang.Object)'> (0x00000000881126f0) 
thrown [s\src\hotspot\share\interpreter\linkResolver.cpp, line 759]
Event: 25.416 Thread 0x0000021bf3a575a0 Exception <a 'java/lang/NoSuchMethodError'{0x0000000088116720}: 'java.lang.Object java.lang.invoke.DirectMethodHandle$Holder.invokeSpecial(java.lang.Object, java.lang.Object, java.lang.Object, java.lang.Object, java.lang.Object, int, java.lang.Object)'> (0x0000000088116720) 
thrown [s\src\hotspot\share\interpreter\linkResolver.cpp, line 759]
Event: 25.416 Thread 0x0000021bf3a575a0 Exception <a 'java/lang/NoSuchMethodError'{0x000000008811a060}: 'java.lang.Object java.lang.invoke.Invokers$Holder.linkToTargetMethod(java.lang.Object, java.lang.Object, java.lang.Object, int, java.lang.Object, java.lang.Object)'> (0x000000008811a060) 
thrown [s\src\hotspot\share\interpreter\linkResolver.cpp, line 759]
Event: 25.683 Thread 0x0000021bf3a575a0 Exception <a 'java/lang/NoSuchMethodError'{0x0000000087ec09d8}: 'void java.lang.invoke.DirectMethodHandle$Holder.invokeStatic(java.lang.Object, int)'> (0x0000000087ec09d8) 
thrown [s\src\hotspot\share\interpreter\linkResolver.cpp, line 759]
Event: 25.683 Thread 0x0000021bf3a575a0 Exception <a 'java/lang/NoSuchMethodError'{0x0000000087ec40e0}: 'void java.lang.invoke.DirectMethodHandle$Holder.invokeStaticInit(java.lang.Object, int)'> (0x0000000087ec40e0) 
thrown [s\src\hotspot\share\interpreter\linkResolver.cpp, line 759]
Event: 25.856 Thread 0x0000021bf3a575a0 Exception <a 'java/lang/NoSuchMethodError'{0x0000000087b15ee0}: 'java.lang.Object java.lang.invoke.DelegatingMethodHandle$Holder.reinvoke_L(java.lang.Object, java.lang.Object, int, java.lang.Object, java.lang.Object, java.lang.Object)'> (0x0000000087b15ee0) 
thrown [s\src\hotspot\share\interpreter\linkResolver.cpp, line 759]
Event: 25.948 Thread 0x0000021bf3bf6cd0 Exception <a 'java/lang/reflect/InvocationTargetException'{0x00000000878b1a38}> (0x00000000878b1a38) 
thrown [s\src\hotspot\share\runtime\reflection.cpp, line 1128]
Event: 26.202 Thread 0x0000021bf3bf6cd0 Exception <a 'java/lang/reflect/InvocationTargetException'{0x0000000087804db0}> (0x0000000087804db0) 
thrown [s\src\hotspot\share\runtime\reflection.cpp, line 1128]
Event: 26.304 Thread 0x0000021bf3bf6cd0 Exception <a 'java/lang/reflect/InvocationTargetException'{0x00000000903a2620}> (0x00000000903a2620) 
thrown [s\src\hotspot\share\runtime\reflection.cpp, line 1128]
Event: 26.328 Thread 0x0000021bf3bf6cd0 Exception <a 'java/lang/reflect/InvocationTargetException'{0x00000000902aed30}> (0x00000000902aed30) 
thrown [s\src\hotspot\share\runtime\reflection.cpp, line 1128]
Event: 26.477 Thread 0x0000021bf3bf6cd0 Exception <a 'java/lang/reflect/InvocationTargetException'{0x000000008e849f68}> (0x000000008e849f68) 
thrown [s\src\hotspot\share\runtime\reflection.cpp, line 1128]
Event: 26.699 Thread 0x0000021bf3bf6cd0 Exception <a 'java/lang/reflect/InvocationTargetException'{0x000000008c83bd88}> (0x000000008c83bd88) 
thrown [s\src\hotspot\share\runtime\reflection.cpp, line 1128]
Event: 26.704 Thread 0x0000021bf3bf6cd0 Exception <a 'java/lang/reflect/InvocationTargetException'{0x000000008c84e838}> (0x000000008c84e838) 
thrown [s\src\hotspot\share\runtime\reflection.cpp, line 1128]
Event: 26.767 Thread 0x0000021bf3bf6cd0 Exception <a 'java/lang/reflect/InvocationTargetException'{0x000000008c015078}> (0x000000008c015078) 
thrown [s\src\hotspot\share\runtime\reflection.cpp, line 1128]
Event: 26.770 Thread 0x0000021bf3bf6cd0 Exception <a 'java/lang/reflect/InvocationTargetException'{0x000000008c028fe0}> (0x000000008c028fe0) 
thrown [s\src\hotspot\share\runtime\reflection.cpp, line 1128]

VM Operations (20 events):
Event: 25.217 Executing VM operation: G1CollectForAllocation done
Event: 25.325 Executing VM operation: G1PauseRemark
Event: 25.332 Executing VM operation: G1PauseRemark done
Event: 25.380 Executing VM operation: G1PauseCleanup
Event: 25.380 Executing VM operation: G1PauseCleanup done
Event: 25.622 Executing VM operation: HandshakeAllThreads
Event: 25.622 Executing VM operation: HandshakeAllThreads done
Event: 26.052 Executing VM operation: G1CollectForAllocation
Event: 26.058 Executing VM operation: G1CollectForAllocation done
Event: 26.066 Executing VM operation: G1CollectForAllocation
Event: 26.071 Executing VM operation: G1CollectForAllocation done
Event: 26.258 Executing VM operation: G1CollectForAllocation
Event: 26.262 Executing VM operation: G1CollectForAllocation done
Event: 26.384 Executing VM operation: G1PauseRemark
Event: 26.391 Executing VM operation: G1PauseRemark done
Event: 26.447 Executing VM operation: G1PauseCleanup
Event: 26.447 Executing VM operation: G1PauseCleanup done
Event: 27.456 Executing VM operation: Cleanup
Event: 27.487 Executing VM operation: Cleanup done
Event: 27.508 Executing VM operation: G1CollectForAllocation

Memory protections (0 events):
No events

Nmethod flushes (0 events):
No events

Events (20 events):
Event: 5.283 Thread 0x0000021bf3bf6cd0 Thread added: 0x0000021bf3ddd020
Event: 6.430 Thread 0x0000021bf3ddd020 Thread exited: 0x0000021bf3ddd020
Event: 6.895 Thread 0x0000021bf3bf6cd0 Thread added: 0x0000021bf4058d50
Event: 7.077 Thread 0x0000021bf4058d50 Thread exited: 0x0000021bf4058d50
Event: 14.535 Thread 0x0000021bf3bf6cd0 Thread added: 0x0000021bf48a4450
Event: 14.537 Thread 0x0000021bf3bf6cd0 Thread added: 0x0000021bf314f8b0
Event: 14.542 Thread 0x0000021bf3bf6cd0 Thread added: 0x0000021bf314fd90
Event: 15.073 Thread 0x0000021bf3bf6cd0 Thread added: 0x0000021bf48a7160
Event: 16.762 Thread 0x0000021bf3dc41c0 Thread exited: 0x0000021bf3dc41c0
Event: 17.539 Thread 0x0000021bf3bf6cd0 Thread added: 0x0000021bf3a584d0
Event: 17.688 Thread 0x0000021bf3a584d0 Thread added: 0x0000021bf3a575a0
Event: 22.229 Thread 0x0000021bf3bf6cd0 Thread added: 0x0000021bf3a57fc0
Event: 22.229 Thread 0x0000021bf3a57fc0 Thread exited: 0x0000021bf3a57fc0
Event: 22.229 Thread 0x0000021bf3bf6cd0 Thread added: 0x0000021bf3a57ab0
Event: 22.902 Thread 0x0000021bf3bf6cd0 Thread added: 0x0000021bf3a57fc0
Event: 23.218 Thread 0x0000021bf3a575a0 Thread exited: 0x0000021bf3a575a0
Event: 25.106 Thread 0x0000021bf3bf6cd0 Thread added: 0x0000021bf3a575a0
Event: 25.107 Thread 0x0000021bf3bf6cd0 Thread added: 0x0000021bf64a6fd0
Event: 25.107 Thread 0x0000021bf3bf6cd0 Thread added: 0x0000021bf64a79f0
Event: 25.107 Thread 0x0000021bf3bf6cd0 Thread added: 0x0000021bf64a65b0


Dynamic libraries:
0x00007ff713ef0000 - 0x00007ff713efe000 	C:\Program Files\Microsoft\jdk-17.0.18.8-hotspot\bin\java.exe
0x00007ffa8dc90000 - 0x00007ffa8dea8000 	C:\Windows\SYSTEM32\ntdll.dll
0x00007ffa8c8a0000 - 0x00007ffa8c964000 	C:\Windows\System32\KERNEL32.DLL
0x00007ffa8b080000 - 0x00007ffa8b453000 	C:\Windows\System32\KERNELBASE.dll
0x00007ffa8af30000 - 0x00007ffa8b041000 	C:\Windows\System32\ucrtbase.dll
0x00007ffa79d30000 - 0x00007ffa79d48000 	C:\Program Files\Microsoft\jdk-17.0.18.8-hotspot\bin\jli.dll
0x00007ffa8bcd0000 - 0x00007ffa8be82000 	C:\Windows\System32\USER32.dll
0x00007ffa8ada0000 - 0x00007ffa8adc6000 	C:\Windows\System32\win32u.dll
0x00007ffa8d590000 - 0x00007ffa8d5b9000 	C:\Windows\System32\GDI32.dll
0x00007ffa8b810000 - 0x00007ffa8b92b000 	C:\Windows\System32\gdi32full.dll
0x00007ffa8add0000 - 0x00007ffa8ae6a000 	C:\Windows\System32\msvcp_win.dll
0x00007ffa78eb0000 - 0x00007ffa78ece000 	C:\Program Files\Microsoft\jdk-17.0.18.8-hotspot\bin\VCRUNTIME140.dll
0x00007ffa72490000 - 0x00007ffa7272c000 	C:\Windows\WinSxS\amd64_microsoft.windows.common-controls_6595b64144ccf1df_6.0.22621.6060_none_2712eda17382d24b\COMCTL32.dll
0x00007ffa8d800000 - 0x00007ffa8d8a7000 	C:\Windows\System32\msvcrt.dll
0x00007ffa8bf40000 - 0x00007ffa8bf71000 	C:\Windows\System32\IMM32.DLL
0x00007ffa834d0000 - 0x00007ffa834dc000 	C:\Program Files\Microsoft\jdk-17.0.18.8-hotspot\bin\vcruntime140_1.dll
0x00007ffa70be0000 - 0x00007ffa70c69000 	C:\Program Files\Microsoft\jdk-17.0.18.8-hotspot\bin\msvcp140.dll
0x00007ff9d3d60000 - 0x00007ff9d49da000 	C:\Program Files\Microsoft\jdk-17.0.18.8-hotspot\bin\server\jvm.dll
0x00007ffa8b9b0000 - 0x00007ffa8ba61000 	C:\Windows\System32\ADVAPI32.dll
0x00007ffa8be90000 - 0x00007ffa8bf38000 	C:\Windows\System32\sechost.dll
0x00007ffa8b050000 - 0x00007ffa8b078000 	C:\Windows\System32\bcrypt.dll
0x00007ffa8c6f0000 - 0x00007ffa8c808000 	C:\Windows\System32\RPCRT4.dll
0x00007ffa8d330000 - 0x00007ffa8d3a1000 	C:\Windows\System32\WS2_32.dll
0x00007ffa8ac70000 - 0x00007ffa8acbd000 	C:\Windows\SYSTEM32\POWRPROF.dll
0x00007ffa85560000 - 0x00007ffa85594000 	C:\Windows\SYSTEM32\WINMM.dll
0x00007ffa855c0000 - 0x00007ffa855ca000 	C:\Windows\SYSTEM32\VERSION.dll
0x00007ffa8ac50000 - 0x00007ffa8ac63000 	C:\Windows\SYSTEM32\UMPDC.dll
0x00007ffa89d80000 - 0x00007ffa89d98000 	C:\Windows\SYSTEM32\kernel.appcore.dll
0x00007ffa832c0000 - 0x00007ffa832ca000 	C:\Program Files\Microsoft\jdk-17.0.18.8-hotspot\bin\jimage.dll
0x00007ffa887b0000 - 0x00007ffa889e3000 	C:\Windows\SYSTEM32\DBGHELP.DLL
0x00007ffa8d8b0000 - 0x00007ffa8dc41000 	C:\Windows\System32\combase.dll
0x00007ffa8d5c0000 - 0x00007ffa8d698000 	C:\Windows\System32\OLEAUT32.dll
0x00007ffa710a0000 - 0x00007ffa710d2000 	C:\Windows\SYSTEM32\dbgcore.DLL
0x00007ffa8b460000 - 0x00007ffa8b4db000 	C:\Windows\System32\bcryptPrimitives.dll
0x00007ffa70d50000 - 0x00007ffa70d76000 	C:\Program Files\Microsoft\jdk-17.0.18.8-hotspot\bin\java.dll
0x00007ffa30c60000 - 0x00007ffa30d36000 	C:\Program Files\Microsoft\jdk-17.0.18.8-hotspot\bin\jsvml.dll
0x00007ffa8ca80000 - 0x00007ffa8d31c000 	C:\Windows\System32\SHELL32.dll
0x00007ffa8b6d0000 - 0x00007ffa8b80f000 	C:\Windows\System32\wintypes.dll
0x00007ffa88ca0000 - 0x00007ffa895ba000 	C:\Windows\SYSTEM32\windows.storage.dll
0x00007ffa8d480000 - 0x00007ffa8d584000 	C:\Windows\System32\SHCORE.dll
0x00007ffa8b930000 - 0x00007ffa8b999000 	C:\Windows\System32\shlwapi.dll
0x00007ffa8acd0000 - 0x00007ffa8acf5000 	C:\Windows\SYSTEM32\profapi.dll
0x00007ffa746c0000 - 0x00007ffa746db000 	C:\Program Files\Microsoft\jdk-17.0.18.8-hotspot\bin\net.dll
0x00007ffa87170000 - 0x00007ffa8729c000 	C:\Windows\SYSTEM32\WINHTTP.dll
0x00007ffa8a260000 - 0x00007ffa8a2c9000 	C:\Windows\system32\mswsock.dll
0x00007ffa72440000 - 0x00007ffa72456000 	C:\Program Files\Microsoft\jdk-17.0.18.8-hotspot\bin\nio.dll
0x00007ffa70d30000 - 0x00007ffa70d48000 	C:\Program Files\Microsoft\jdk-17.0.18.8-hotspot\bin\zip.dll
0x00007ffa71b30000 - 0x00007ffa71b3a000 	C:\Program Files\Microsoft\jdk-17.0.18.8-hotspot\bin\management.dll
0x00007ffa71850000 - 0x00007ffa7185c000 	C:\Program Files\Microsoft\jdk-17.0.18.8-hotspot\bin\management_ext.dll
0x00007ffa8d320000 - 0x00007ffa8d328000 	C:\Windows\System32\PSAPI.DLL
0x00007ffa89860000 - 0x00007ffa8988d000 	C:\Windows\SYSTEM32\IPHLPAPI.DLL
0x00007ffa8b9a0000 - 0x00007ffa8b9a9000 	C:\Windows\System32\NSI.dll
0x00007ffa83390000 - 0x00007ffa833a9000 	C:\Windows\SYSTEM32\dhcpcsvc6.DLL
0x00007ffa83370000 - 0x00007ffa8338f000 	C:\Windows\SYSTEM32\dhcpcsvc.DLL
0x00007ffa89890000 - 0x00007ffa89988000 	C:\Windows\SYSTEM32\DNSAPI.dll
0x00007ffa79110000 - 0x00007ffa7911a000 	C:\Windows\System32\rasadhlp.dll
0x00007ffa80d80000 - 0x00007ffa80e04000 	C:\Windows\System32\fwpuclnt.dll
0x00007ffa792c0000 - 0x00007ffa792ce000 	C:\Program Files\Microsoft\jdk-17.0.18.8-hotspot\bin\sunmscapi.dll
0x00007ffa8b560000 - 0x00007ffa8b6c8000 	C:\Windows\System32\CRYPT32.dll
0x00007ffa8a650000 - 0x00007ffa8a67e000 	C:\Windows\SYSTEM32\ncrypt.dll
0x00007ffa8a610000 - 0x00007ffa8a647000 	C:\Windows\SYSTEM32\NTASN1.dll
0x00007ffa8a4b0000 - 0x00007ffa8a4cb000 	C:\Windows\SYSTEM32\CRYPTSP.dll
0x00007ffa89ce0000 - 0x00007ffa89d17000 	C:\Windows\system32\rsaenh.dll
0x00007ffa8a350000 - 0x00007ffa8a378000 	C:\Windows\SYSTEM32\USERENV.dll
0x00007ffa8a4d0000 - 0x00007ffa8a4dc000 	C:\Windows\SYSTEM32\CRYPTBASE.dll
0x00007ffa2cc40000 - 0x00007ffa2cc49000 	C:\Program Files\Microsoft\jdk-17.0.18.8-hotspot\bin\extnet.dll
0x00007ff9d06c0000 - 0x00007ff9d0a5e000 	C:\Users\saife\AppData\Local\Temp\netty_tcnative_windows_x86_6413098665775381833742.dll
0x00007ffa2cac0000 - 0x00007ffa2cac8000 	C:\Windows\system32\wshunix.dll

dbghelp: loaded successfully - version: 4.0.5 - missing functions: none
symbol engine: initialized successfully - sym options: 0x614 - pdb path: .;C:\Program Files\Microsoft\jdk-17.0.18.8-hotspot\bin;C:\Windows\SYSTEM32;C:\Windows\WinSxS\amd64_microsoft.windows.common-controls_6595b64144ccf1df_6.0.22621.6060_none_2712eda17382d24b;C:\Program Files\Microsoft\jdk-17.0.18.8-hotspot\bin\server;C:\Users\saife\AppData\Local\Temp

VM Arguments:
jvm_args: -XX:TieredStopAtLevel=1 
java_command: com.neuroguard.medicalhistoryservice.MedicalHistoryServiceApplication
java_class_path (initial): D:\Esprit-PIDEV-4SAE8-2526-NeuroGuard\neuroguard-backend\medical-history-service\target\classes;C:\Users\saife\.m2\repository\ch\qos\logback\logback-classic\1.5.32\logback-classic-1.5.32.jar;C:\Users\saife\.m2\repository\ch\qos\logback\logback-core\1.5.32\logback-core-1.5.32.jar;C:\Users\saife\.m2\repository\org\apache\logging\log4j\log4j-to-slf4j\2.24.3\log4j-to-slf4j-2.24.3.jar;C:\Users\saife\.m2\repository\org\apache\logging\log4j\log4j-api\2.24.3\log4j-api-2.24.3.jar;C:\Users\saife\.m2\repository\org\slf4j\jul-to-slf4j\2.0.17\jul-to-slf4j-2.0.17.jar;C:\Users\saife\.m2\repository\jakarta\annotation\jakarta.annotation-api\2.1.1\jakarta.annotation-api-2.1.1.jar;C:\Users\saife\.m2\repository\org\yaml\snakeyaml\2.4\snakeyaml-2.4.jar;C:\Users\saife\.m2\repository\org\springframework\spring-context-support\6.2.16\spring-context-support-6.2.16.jar;C:\Users\saife\.m2\repository\org\springframework\spring-beans\6.2.16\spring-beans-6.2.16.jar;C:\Users\saife\.m2\repository\org\springframework\spring-context\6.2.16\spring-context-6.2.16.jar;C:\Users\saife\.m2\repository\org\eclipse\angus\jakarta.mail\2.0.5\jakarta.mail-2.0.5.jar;C:\Users\saife\.m2\repository\jakarta\activation\jakarta.activation-api\2.1.4\jakarta.activation-api-2.1.4.jar;C:\Users\saife\.m2\repository\org\eclipse\angus\angus-activation\2.0.3\angus-activation-2.0.3.jar;C:\Users\saife\.m2\repository\org\springframework\boot\spring-boot-actuator-autoconfigure\3.5.11\spring-boot-actuator-autoconfigure-3.5.11.jar;C:\Users\saife\.m2\repository\org\springframework\boot\spring-boot-actuator\3.5.11\spring-boot-actuator-3.5.11.jar;C:\Users\saife\.m2\repository\com\fasterxml\jackson\datatype\jackson-datatype-jsr310\2.19.4\jackson-datatype-jsr310-2.19.4.jar;C:\Users\saife\.m2\repository\io\micrometer\micrometer-observation\1.15.9\micrometer-observation-1.15.9.jar;C:\Users\saife\.m2\repository\io\micrometer\micrometer-commons\1.15.9\micrometer-commons-1.15.9.jar;C:\Users\saife\.m2\repository\i
Launcher Type: SUN_STANDARD

[Global flags]
     intx CICompilerCount                          = 3                                         {product} {ergonomic}
     uint ConcGCThreads                            = 1                                         {product} {ergonomic}
     uint G1ConcRefinementThreads                  = 4                                         {product} {ergonomic}
   size_t G1HeapRegionSize                         = 1048576                                   {product} {ergonomic}
    uintx GCDrainStackTargetSize                   = 64                                        {product} {ergonomic}
   size_t InitialHeapSize                          = 132120576                                 {product} {ergonomic}
   size_t MarkStackSize                            = 4194304                                   {product} {ergonomic}
   size_t MaxHeapSize                              = 2105540608                                {product} {ergonomic}
   size_t MaxNewSize                               = 1262485504                                {product} {ergonomic}
   size_t MinHeapDeltaBytes                        = 1048576                                   {product} {ergonomic}
   size_t MinHeapSize                              = 8388608                                   {product} {ergonomic}
    uintx NonProfiledCodeHeapSize                  = 0                                      {pd product} {ergonomic}
     bool ProfileInterpreter                       = false                                  {pd product} {command line}
    uintx ProfiledCodeHeapSize                     = 0                                      {pd product} {ergonomic}
   size_t SoftMaxHeapSize                          = 2105540608                             {manageable} {ergonomic}
     intx TieredStopAtLevel                        = 1                                         {product} {command line}
     bool UseCompressedClassPointers               = true                           {product lp64_product} {ergonomic}
     bool UseCompressedOops                        = true                           {product lp64_product} {ergonomic}
     bool UseG1GC                                  = true                                      {product} {ergonomic}
     bool UseLargePagesIndividualAllocation        = false                                  {pd product} {ergonomic}

Logging:
Log output configuration:
 #0: stdout all=warning uptime,level,tags
 #1: stderr all=off uptime,level,tags

Environment Variables:
JAVA_HOME=C:\Program Files\Microsoft\jdk-17.0.18.8-hotspot
PATH=C:\oraclexe\app\oracle\product\11.2.0\server\bin;;C:\Program Files\Microsoft\jdk-17.0.18.8-hotspot\bin;C:\Python314\Scripts\;C:\Python314\;C:\Windows\system32;C:\Windows;C:\Windows\System32\Wbem;C:\Windows\System32\WindowsPowerShell\v1.0\;C:\Windows\System32\OpenSSH\;C:\Program Files\nodejs\;C:\ProgramData\chocolatey\bin;C:\Program Files\OpenSSL-Win64\bin;C:\Program Files\Apache\Maven\bin;C:\Program Files\Microsoft\jdk-17.0.18.8-hotspot\bin;C:\Program Files\dotnet\;D:\Program Files\Git\cmd;C:\Users\saife\AppData\Local\Microsoft\WindowsApps;C:\Users\saife\AppData\Roaming\npm;C:\Program Files\OpenSSL-Win64\bin;D:\Program Files\Microsoft VS Code\bin;D:\Program Files\IntelliJ IDEA 2026.1\bin;D:\Program Files\Antigravity\bin
USERNAME=saife
OS=Windows_NT
PROCESSOR_IDENTIFIER=Intel64 Family 6 Model 142 Stepping 12, GenuineIntel
TMP=C:\Users\saife\AppData\Local\Temp
TEMP=C:\Users\saife\AppData\Local\Temp



Periodic native trim disabled


---------------  S Y S T E M  ---------------

OS:
 Windows 11 , 64 bit Build 22621 (10.0.22621.5415)
OS uptime: 1 days 15:51 hours

CPU: total 4 (initial active 4) (2 cores per cpu, 2 threads per core) family 6 model 142 stepping 12 microcode 0xde, cx8, cmov, fxsr, ht, mmx, 3dnowpref, sse, sse2, sse3, ssse3, sse4.1, sse4.2, popcnt, lzcnt, tsc, tscinvbit, avx, avx2, aes, erms, clmul, bmi1, bmi2, adx, fma, vzeroupper, clflush, clflushopt
Processor Information for the first 4 processors :
  Max Mhz: 2592, Current Mhz: 2592, Mhz Limit: 2073

Memory: 4k page, system-wide physical 8025M (96M free)
TotalPageFile size 20679M (AvailPageFile size 4M)
current process WorkingSet (physical memory assigned to process): 394M, peak: 394M
current process commit charge ("private bytes"): 430M, peak: 446M

vm_info: OpenJDK 64-Bit Server VM (17.0.18+8-LTS) for windows-amd64 JRE (17.0.18+8-LTS), built on Jan 15 2026 18:50:45 by "MicrosoftCorporation" with MS VC++ 17.14 (VS2022)

END.
